Log file open, 01/26/18 19:48:19
LogWindows: Failed to load 'aqProf.dll' (GetLastError=126)
LogWindows: File 'aqProf.dll' does not exist
LogWindows: Failed to load 'VSPerf140.dll' (GetLastError=126)
LogWindows: File 'VSPerf140.dll' does not exist
LogWindows: Failed to load 'VtuneApi.dll' (GetLastError=126)
LogWindows: File 'VtuneApi.dll' does not exist
LogWindows: Failed to load 'VtuneApi32e.dll' (GetLastError=126)
LogWindows: File 'VtuneApi32e.dll' does not exist
LogInit: Display: Running engine for game: Message
LogPlatformFile: Not using cached read wrapper
LogInit: Display: RandInit(1151111431) SRandInit(1151111431).
LogInit: Read version file with build ID '3709383'
LogInit: Overriding engine version to CL 3832480, compatible CL 3709383
LogInit: Registered custom module enumerator with build ID '3709383'
LogTaskGraph: Started task graph with 5 named threads and 26 total threads with 3 sets of task threads.
LogStats: Stats thread started at 0.329285
LogD3D11RHI: Aftermath initialized
LogModuleManager: Display: Found up-to-date module file ../../../Engine/Plugins/2D/Paper2D/Binaries/Win64/UE4Editor-Paper2D.dll (API version 3709383).
LogModuleManager: Display: Found up-to-date module file ../../../Engine/Plugins/2D/Paper2D/Binaries/Win64/UE4Editor-Paper2DEditor.dll (API version 3709383).
LogModuleManager: Display: Found up-to-date module file ../../../Engine/Plugins/2D/Paper2D/Binaries/Win64/UE4Editor-PaperSpriteSheetImporter.dll (API version 3709383).
LogModuleManager: Display: Found up-to-date module file ../../../Engine/Plugins/2D/Paper2D/Binaries/Win64/UE4Editor-PaperTiledImporter.dll (API version 3709383).
LogModuleManager: Display: Found up-to-date module file ../../../Engine/Plugins/2D/Paper2D/Binaries/Win64/UE4Editor-SmartSnapping.dll (API version 3709383).
LogModuleManager: Display: Found up-to-date module file ../../../Engine/Plugins/Blendables/LightPropagationVolume/Binaries/Win64/UE4Editor-LightPropagationVolumeRuntime.dll (API version 3709383).
LogModuleManager: Display: Found up-to-date module file ../../../Engine/Plugins/Blendables/LightPropagationVolume/Binaries/Win64/UE4Editor-LightPropagationVolumeEditor.dll (API version 3709383).
LogModuleManager: Display: Found up-to-date module file ../../../Engine/Plugins/Developer/GitSourceControl/Binaries/Win64/UE4Editor-GitSourceControl.dll (API version 3709383).
LogModuleManager: Display: Found up-to-date module file ../../../Engine/Plugins/Developer/PerforceSourceControl/Binaries/Win64/UE4Editor-PerforceSourceControl.dll (API version 3709383).
LogModuleManager: Display: Found up-to-date module file ../../../Engine/Plugins/Developer/SubversionSourceControl/Binaries/Win64/UE4Editor-SubversionSourceControl.dll (API version 3709383).
LogModuleManager: Display: Found up-to-date module file ../../../Engine/Plugins/Developer/UObjectPlugin/Binaries/Win64/UE4Editor-UObjectPlugin.dll (API version 3709383).
LogModuleManager: Display: Found up-to-date module file ../../../Engine/Plugins/Developer/VisualStudioCodeSourceCodeAccess/Binaries/Win64/UE4Editor-VisualStudioCodeSourceCodeAccess.dll (API version 3709383).
LogModuleManager: Display: Found up-to-date module file ../../../Engine/Plugins/Developer/VisualStudioSourceCodeAccess/Binaries/Win64/UE4Editor-VisualStudioSourceCodeAccess.dll (API version 3709383).
LogModuleManager: Display: Found up-to-date module file ../../../Engine/Plugins/Editor/AssetManagerEditor/Binaries/Win64/UE4Editor-AssetManagerEditor.dll (API version 3709383).
LogModuleManager: Display: Found up-to-date module file ../../../Engine/Plugins/Editor/AudioCapture/Binaries/Win64/UE4Editor-AudioCapture.dll (API version 3709383).
LogModuleManager: Display: Found up-to-date module file ../../../Engine/Plugins/Editor/FacialAnimation/Binaries/Win64/UE4Editor-FacialAnimation.dll (API version 3709383).
LogModuleManager: Display: Found up-to-date module file ../../../Engine/Plugins/Editor/FacialAnimation/Binaries/Win64/UE4Editor-FacialAnimationEditor.dll (API version 3709383).
LogModuleManager: Display: Found up-to-date module file ../../../Engine/Plugins/Editor/GameplayTagsEditor/Binaries/Win64/UE4Editor-GameplayTagsEditor.dll (API version 3709383).
LogModuleManager: Display: Found up-to-date module file ../../../Engine/Plugins/Editor/MobileLauncherProfileWizard/Binaries/Win64/UE4Editor-MobileLauncherProfileWizard.dll (API version 3709383).
LogModuleManager: Display: Found up-to-date module file ../../../Engine/Plugins/Editor/PluginBrowser/Binaries/Win64/UE4Editor-PluginBrowser.dll (API version 3709383).
LogModuleManager: Display: Found up-to-date module file ../../../Engine/Plugins/Editor/SpeedTreeImporter/Binaries/Win64/UE4Editor-SpeedTreeImporter.dll (API version 3709383).
LogModuleManager: Display: Found up-to-date module file ../../../Engine/Plugins/Experimental/AlembicImporter/Binaries/Win64/UE4Editor-AlembicImporter.dll (API version 3709383).
LogModuleManager: Display: Found up-to-date module file ../../../Engine/Plugins/Experimental/AlembicImporter/Binaries/Win64/UE4Editor-AlembicLibrary.dll (API version 3709383).
LogModuleManager: Display: Found up-to-date module file ../../../Engine/Plugins/Experimental/CharacterAI/Binaries/Win64/UE4Editor-CharacterAI.dll (API version 3709383).
LogModuleManager: Display: Found up-to-date module file ../../../Engine/Plugins/Experimental/HTML5Networking/Binaries/Win64/UE4Editor-HTML5Networking.dll (API version 3709383).
LogModuleManager: Display: Found up-to-date module file ../../../Engine/Plugins/Media/AndroidMedia/Binaries/Win64/UE4Editor-AndroidMediaEditor.dll (API version 3709383).
LogModuleManager: Display: Found up-to-date module file ../../../Engine/Plugins/Media/AndroidMedia/Binaries/Win64/UE4Editor-AndroidMediaFactory.dll (API version 3709383).
LogModuleManager: Display: Found up-to-date module file ../../../Engine/Plugins/Media/AvfMedia/Binaries/Win64/UE4Editor-AvfMediaEditor.dll (API version 3709383).
LogModuleManager: Display: Found up-to-date module file ../../../Engine/Plugins/Media/AvfMedia/Binaries/Win64/UE4Editor-AvfMediaFactory.dll (API version 3709383).
LogModuleManager: Display: Found up-to-date module file ../../../Engine/Plugins/Media/AvfMedia/Binaries/Win64/UE4Editor-AvfMediaFactory.dll (API version 3709383).
LogModuleManager: Display: Found up-to-date module file ../../../Engine/Plugins/Media/ImgMedia/Binaries/Win64/UE4Editor-ImgMedia.dll (API version 3709383).
LogModuleManager: Display: Found up-to-date module file ../../../Engine/Plugins/Media/ImgMedia/Binaries/Win64/UE4Editor-ImgMediaEditor.dll (API version 3709383).
LogModuleManager: Display: Found up-to-date module file ../../../Engine/Plugins/Media/ImgMedia/Binaries/Win64/UE4Editor-ImgMediaFactory.dll (API version 3709383).
LogModuleManager: Display: Found up-to-date module file ../../../Engine/Plugins/Media/ImgMedia/Binaries/Win64/UE4Editor-ImgMediaFactory.dll (API version 3709383).
LogModuleManager: Display: Found up-to-date module file ../../../Engine/Plugins/Media/ImgMedia/Binaries/Win64/UE4Editor-OpenExrWrapper.dll (API version 3709383).
LogModuleManager: Display: Found up-to-date module file ../../../Engine/Plugins/Media/MediaCompositing/Binaries/Win64/UE4Editor-MediaCompositing.dll (API version 3709383).
LogModuleManager: Display: Found up-to-date module file ../../../Engine/Plugins/Media/MediaCompositing/Binaries/Win64/UE4Editor-MediaCompositingEditor.dll (API version 3709383).
LogModuleManager: Display: Found up-to-date module file ../../../Engine/Plugins/Media/MediaPlayerEditor/Binaries/Win64/UE4Editor-MediaPlayerEditor.dll (API version 3709383).
LogModuleManager: Display: Found up-to-date module file ../../../Engine/Plugins/Media/WmfMedia/Binaries/Win64/UE4Editor-WmfMedia.dll (API version 3709383).
LogModuleManager: Display: Found up-to-date module file ../../../Engine/Plugins/Media/WmfMedia/Binaries/Win64/UE4Editor-WmfMediaEditor.dll (API version 3709383).
LogModuleManager: Display: Found up-to-date module file ../../../Engine/Plugins/Media/WmfMedia/Binaries/Win64/UE4Editor-WmfMediaFactory.dll (API version 3709383).
LogModuleManager: Display: Found up-to-date module file ../../../Engine/Plugins/Media/WmfMedia/Binaries/Win64/UE4Editor-WmfMediaFactory.dll (API version 3709383).
LogModuleManager: Display: Found up-to-date module file ../../../Engine/Plugins/Messaging/TcpMessaging/Binaries/Win64/UE4Editor-TcpMessaging.dll (API version 3709383).
LogModuleManager: Display: Found up-to-date module file ../../../Engine/Plugins/Messaging/UdpMessaging/Binaries/Win64/UE4Editor-UdpMessaging.dll (API version 3709383).
LogModuleManager: Display: Found up-to-date module file ../../../Engine/Plugins/MovieScene/ActorSequence/Binaries/Win64/UE4Editor-ActorSequence.dll (API version 3709383).
LogModuleManager: Display: Found up-to-date module file ../../../Engine/Plugins/MovieScene/LevelSequenceEditor/Binaries/Win64/UE4Editor-LevelSequenceEditor.dll (API version 3709383).
LogModuleManager: Display: Found up-to-date module file ../../../Engine/Plugins/MovieScene/MatineeToLevelSequence/Binaries/Win64/UE4Editor-MatineeToLevelSequence.dll (API version 3709383).
LogModuleManager: Display: Found up-to-date module file ../../../Engine/Plugins/Online/OnlineSubsystem/Binaries/Win64/UE4Editor-OnlineSubsystem.dll (API version 3709383).
LogModuleManager: Display: Found up-to-date module file ../../../Engine/Plugins/Runtime/AndroidPermission/Binaries/Win64/UE4Editor-AndroidPermission.dll (API version 3709383).
LogModuleManager: Display: Found up-to-date module file ../../../Engine/Plugins/Online/OnlineSubsystemNull/Binaries/Win64/UE4Editor-OnlineSubsystemNull.dll (API version 3709383).
LogModuleManager: Display: Found up-to-date module file ../../../Engine/Plugins/Online/OnlineSubsystemUtils/Binaries/Win64/UE4Editor-OnlineSubsystemUtils.dll (API version 3709383).
LogModuleManager: Display: Found up-to-date module file ../../../Engine/Plugins/Online/OnlineSubsystemUtils/Binaries/Win64/UE4Editor-OnlineBlueprintSupport.dll (API version 3709383).
LogModuleManager: Display: Found up-to-date module file ../../../Engine/Plugins/Runtime/AndroidDeviceProfileSelector/Binaries/Win64/UE4Editor-AndroidDeviceProfileSelector.dll (API version 3709383).
LogModuleManager: Display: Found up-to-date module file ../../../Engine/Plugins/Runtime/AppleARKit/Binaries/Win64/UE4Editor-AppleARKit.dll (API version 3709383).
LogModuleManager: Display: Found up-to-date module file ../../../Engine/Plugins/Runtime/ArchVisCharacter/Binaries/Win64/UE4Editor-ArchVisCharacter.dll (API version 3709383).
LogModuleManager: Display: Found up-to-date module file ../../../Engine/Plugins/Runtime/CableComponent/Binaries/Win64/UE4Editor-CableComponent.dll (API version 3709383).
LogModuleManager: Display: Found up-to-date module file ../../../Engine/Plugins/Runtime/CustomMeshComponent/Binaries/Win64/UE4Editor-CustomMeshComponent.dll (API version 3709383).
LogModuleManager: Display: Found up-to-date module file ../../../Engine/Plugins/Runtime/ExampleDeviceProfileSelector/Binaries/Win64/UE4Editor-ExampleDeviceProfileSelector.dll (API version 3709383).
LogModuleManager: Display: Found up-to-date module file ../../../Engine/Plugins/Runtime/ImmediatePhysics/Binaries/Win64/UE4Editor-ImmediatePhysics.dll (API version 3709383).
LogModuleManager: Display: Found up-to-date module file ../../../Engine/Plugins/Runtime/ImmediatePhysics/Binaries/Win64/UE4Editor-ImmediatePhysicsEditor.dll (API version 3709383).
LogModuleManager: Display: Found up-to-date module file ../../../Engine/Plugins/Runtime/LocationServicesBPLibrary/Binaries/Win64/UE4Editor-LocationServicesBPLibrary.dll (API version 3709383).
LogModuleManager: Display: Found up-to-date module file ../../../Engine/Plugins/Runtime/MobilePatchingUtils/Binaries/Win64/UE4Editor-MobilePatchingUtils.dll (API version 3709383).
LogModuleManager: Display: Found up-to-date module file ../../../Engine/Plugins/Runtime/Oculus/OculusVR/Binaries/Win64/UE4Editor-OculusHMD.dll (API version 3709383).
LogModuleManager: Display: Found up-to-date module file ../../../Engine/Plugins/Runtime/Oculus/OculusVR/Binaries/Win64/UE4Editor-OculusInput.dll (API version 3709383).
LogModuleManager: Display: Found up-to-date module file ../../../Engine/Plugins/Runtime/Oculus/OculusVR/Binaries/Win64/UE4Editor-OculusEditor.dll (API version 3709383).
LogModuleManager: Display: Found up-to-date module file ../../../Engine/Plugins/Runtime/PhysXVehicles/Binaries/Win64/UE4Editor-PhysXVehicles.dll (API version 3709383).
LogModuleManager: Display: Found up-to-date module file ../../../Engine/Plugins/Runtime/PhysXVehicles/Binaries/Win64/UE4Editor-PhysXVehiclesEditor.dll (API version 3709383).
LogModuleManager: Display: Found up-to-date module file ../../../Engine/Plugins/Runtime/ProceduralMeshComponent/Binaries/Win64/UE4Editor-ProceduralMeshComponent.dll (API version 3709383).
LogModuleManager: Display: Found up-to-date module file ../../../Engine/Plugins/Runtime/ProceduralMeshComponent/Binaries/Win64/UE4Editor-ProceduralMeshComponentEditor.dll (API version 3709383).
LogModuleManager: Display: Found up-to-date module file ../../../Engine/Plugins/Runtime/RuntimePhysXCooking/Binaries/Win64/UE4Editor-RuntimePhysXCooking.dll (API version 3709383).
LogModuleManager: Display: Found up-to-date module file ../../../Engine/Plugins/Runtime/Steam/SteamVR/Binaries/Win64/UE4Editor-SteamVR.dll (API version 3709383).
LogModuleManager: Display: Found up-to-date module file ../../../Engine/Plugins/Runtime/Steam/SteamVR/Binaries/Win64/UE4Editor-SteamVRController.dll (API version 3709383).
LogModuleManager: Display: Found up-to-date module file ../../../Engine/Plugins/Runtime/WindowsMoviePlayer/Binaries/Win64/UE4Editor-WindowsMoviePlayer.dll (API version 3709383).
LogPluginManager: Mounting plugin Paper2D
LogPluginManager: Mounting plugin LightPropagationVolume
LogPluginManager: Mounting plugin CodeLiteSourceCodeAccess
LogPluginManager: Mounting plugin GitSourceControl
LogPluginManager: Mounting plugin KDevelopSourceCodeAccess
LogPluginManager: Mounting plugin NullSourceCodeAccess
LogPluginManager: Mounting plugin PerforceSourceControl
LogPluginManager: Mounting plugin SubversionSourceControl
LogPluginManager: Mounting plugin UObjectPlugin
LogPluginManager: Mounting plugin VisualStudioCodeSourceCodeAccess
LogPluginManager: Mounting plugin VisualStudioSourceCodeAccess
LogPluginManager: Mounting plugin XCodeSourceCodeAccess
LogPluginManager: Mounting plugin AssetManagerEditor
LogPluginManager: Mounting plugin AudioCapture
LogPluginManager: Mounting plugin FacialAnimation
LogPluginManager: Mounting plugin GameplayTagsEditor
LogPluginManager: Mounting plugin MobileLauncherProfileWizard
LogPluginManager: Mounting plugin PluginBrowser
LogPluginManager: Mounting plugin SpeedTreeImporter
LogPluginManager: Mounting plugin AlembicImporter
LogPluginManager: Mounting plugin CharacterAI
LogPluginManager: Mounting plugin HTML5Networking
LogPluginManager: Mounting plugin AndroidMedia
LogPluginManager: Mounting plugin AvfMedia
LogPluginManager: Mounting plugin ImgMedia
LogPluginManager: Mounting plugin MediaCompositing
LogPluginManager: Mounting plugin MediaPlayerEditor
LogPluginManager: Mounting plugin WmfMedia
LogPluginManager: Mounting plugin TcpMessaging
LogPluginManager: Mounting plugin UdpMessaging
LogPluginManager: Mounting plugin ActorSequence
LogPluginManager: Mounting plugin LevelSequenceEditor
LogPluginManager: Mounting plugin MatineeToLevelSequence
LogPluginManager: Mounting plugin OnlineSubsystemGooglePlay
LogPluginManager: Mounting plugin OnlineSubsystemIOS
LogPluginManager: Mounting plugin OnlineSubsystem
LogPluginManager: Mounting plugin OnlineSubsystemNull
LogPluginManager: Mounting plugin OnlineSubsystemUtils
LogPluginManager: Mounting plugin AndroidDeviceProfileSelector
LogPluginManager: Mounting plugin AndroidMoviePlayer
LogPluginManager: Mounting plugin AndroidPermission
LogPluginManager: Mounting plugin AppleARKit
LogPluginManager: Mounting plugin AppleMoviePlayer
LogPluginManager: Mounting plugin ArchVisCharacter
LogPluginManager: Mounting plugin CableComponent
LogPluginManager: Mounting plugin CustomMeshComponent
LogPluginManager: Mounting plugin ExampleDeviceProfileSelector
LogPluginManager: Mounting plugin GoogleCloudMessaging
LogPluginManager: Mounting plugin ImmediatePhysics
LogPluginManager: Mounting plugin IOSDeviceProfileSelector
LogPluginManager: Mounting plugin LinuxDeviceProfileSelector
LogPluginManager: Mounting plugin LocationServicesBPLibrary
LogPluginManager: Mounting plugin MobilePatchingUtils
LogPluginManager: Mounting plugin OculusVR
LogPluginManager: Plugin shader directory ../../../Engine/Plugins/Runtime/Oculus/OculusVR/Shaders found
LogPluginManager: Mapping shader source directory ../../../Engine/Plugins/Runtime/Oculus/OculusVR/Shaders to virtual directory /Plugin/OculusVR
LogPluginManager: Mounting plugin PhysXVehicles
LogPluginManager: Mounting plugin ProceduralMeshComponent
LogPluginManager: Mounting plugin RuntimePhysXCooking
LogPluginManager: Mounting plugin SteamVR
LogPluginManager: Mounting plugin WindowsMoviePlayer
LogInit: Using libcurl 7.47.1
LogInit:  - built for x86_64-pc-win32
LogInit:  - supports SSL with OpenSSL/1.0.2g
LogInit:  - supports HTTP deflate (compression) using libz 1.2.8
LogInit:  - other features:
LogInit:      CURL_VERSION_SSL
LogInit:      CURL_VERSION_LIBZ
LogInit:      CURL_VERSION_IPV6
LogInit:      CURL_VERSION_ASYNCHDNS
LogInit:      CURL_VERSION_LARGEFILE
LogInit:      CURL_VERSION_IDN
LogInit:  CurlRequestOptions (configurable via config and command line):
LogInit:  - bVerifyPeer = false  - Libcurl will NOT verify peer certificate
LogInit:  - bUseHttpProxy = false  - Libcurl will NOT use HTTP proxy
LogInit:  - bDontReuseConnections = false  - Libcurl will reuse connections
LogInit:  - CertBundlePath = nullptr  - Libcurl will use whatever was configured at build time.
LogInit: Build: ++UE4+Release-4.18-CL-3832480
LogInit: Engine Version: 4.18.3-3832480+++UE4+Release-4.18
LogInit: Compatible Engine Version: 4.18.0-3709383+++UE4+Release-4.18
LogInit: Net CL: 3709383
LogDevObjectVersion: Number of dev versions registered: 16
LogDevObjectVersion:   Dev-Blueprints (B0D832E4-1F89-4F0D-ACCF-7EB736FD4AA2): 10
LogDevObjectVersion:   Dev-Build (E1C64328-A22C-4D53-A36C-8E866417BD8C): 0
LogDevObjectVersion:   Dev-Core (375EC13C-06E4-48FB-B500-84F0262A717E): 2
LogDevObjectVersion:   Dev-Editor (E4B068ED-F494-42E9-A231-DA0B2E46BB41): 20
LogDevObjectVersion:   Dev-Framework (CFFC743F-43B0-4480-9391-14DF171D2073): 30
LogDevObjectVersion:   Dev-Mobile (B02B49B5-BB20-44E9-A304-32B752E40360): 0
LogDevObjectVersion:   Dev-Networking (A4E4105C-59A1-49B5-A7C5-40C4547EDFEE): 0
LogDevObjectVersion:   Dev-Online (39C831C9-5AE6-47DC-9A44-9C173E1C8E7C): 0
LogDevObjectVersion:   Dev-Physics (78F01B33-EBEA-4F98-B9B4-84EACCB95AA2): 0
LogDevObjectVersion:   Dev-Platform (6631380F-2D4D-43E0-8009-CF276956A95A): 0
LogDevObjectVersion:   Dev-Rendering (12F88B9F-8875-4AFC-A67C-D90C383ABD29): 20
LogDevObjectVersion:   Dev-Sequencer (7B5AE74C-D270-4C10-A958-57980B212A5A): 4
LogDevObjectVersion:   Dev-VR (D7296918-1DD6-4BDD-9DE2-64A83CC13884): 0
LogDevObjectVersion:   Dev-LoadTimes (C2A15278-BFE7-4AFE-6C17-90FF531DF755): 1
LogDevObjectVersion:   Private-Geometry (6EACA3D4-40EC-4CC1-B786-8BED09428FC5): 1
LogDevObjectVersion:   Dev-AnimPhys (29E575DD-E0A3-4627-9D10-D276232CDCEA): 12
LogInit: Compiled (64-bit): Jan 12 2018 02:04:55
LogInit: Compiled with Visual C++: 19.00.24215.01
LogInit: Build Configuration: Development
LogInit: Branch Name: ++UE4+Release-4.18
LogInit: Command line:  
LogInit: Base directory: C:/Program Files/Epic Games/UE_4.18/Engine/Binaries/Win64/
LogInit: Installed Engine Build: 1
LogInit: Presizing for max 8388607 objects, including 0 objects not considered by GC, pre-allocating 0 bytes for permanent pool.
LogInit: Object subsystem initialized
[2018.01.27-01.48.21:866][  0]LogInit: Selected Device Profile: [Windows]
[2018.01.27-01.48.21:866][  0]LogInit: Applying CVar settings loaded from the selected device profile: [Windows]
[2018.01.27-01.48.21:894][  0]LogInit: Computer: DANIEL-PC
[2018.01.27-01.48.21:894][  0]LogInit: User: Daniel
[2018.01.27-01.48.21:894][  0]LogInit: CPU Page size=4096, Cores=8
[2018.01.27-01.48.21:894][  0]LogInit: High frequency timer resolution =2.924190 MHz
[2018.01.27-01.48.21:895][  0]LogMemory: Memory total: Physical=32.0GB (32GB approx)
[2018.01.27-01.48.21:895][  0]LogMemory: Platform Memory Stats for Windows
[2018.01.27-01.48.21:895][  0]LogMemory: Process Physical Memory: 275.42 MB used, 275.42 MB peak
[2018.01.27-01.48.21:895][  0]LogMemory: Process Virtual Memory: 270.60 MB used, 270.60 MB peak
[2018.01.27-01.48.21:895][  0]LogMemory: Physical Memory: 8549.48 MB used,  24169.93 MB free, 32719.41 MB total
[2018.01.27-01.48.21:895][  0]LogMemory: Virtual Memory: 687.64 MB used,  24169.93 MB free, 134217728.00 MB total
[2018.01.27-01.48.22:092][  0]LogInit: Using OS detected language (en-US).
[2018.01.27-01.48.22:092][  0]LogInit: Using OS detected locale (en-US).
[2018.01.27-01.48.22:153][  0]LogTextLocalizationManager: No specific localization for 'en-US' exists, so the 'en' localization will be used.
[2018.01.27-01.48.22:679][  0]LogInit: Setting process to per monitor DPI aware
[2018.01.27-01.48.25:291][  0]LogD3D11RHI: D3D11 adapters:
[2018.01.27-01.48.25:343][  0]LogD3D11RHI:    0. 'NVIDIA GeForce GTX 1060 6GB' (Feature Level 11_0)
[2018.01.27-01.48.25:343][  0]LogD3D11RHI:       6052/0/16359 MB DedicatedVideo/DedicatedSystem/SharedSystem, Outputs:2, VendorId:0x10de
[2018.01.27-01.48.25:346][  0]LogD3D11RHI:    1. 'Microsoft Basic Render Driver' (Feature Level 11_0)
[2018.01.27-01.48.25:346][  0]LogD3D11RHI:       0/0/16359 MB DedicatedVideo/DedicatedSystem/SharedSystem, Outputs:0, VendorId:0x1414
[2018.01.27-01.48.25:346][  0]LogD3D11RHI: Chosen D3D11 Adapter: 0
[2018.01.27-01.48.25:357][  0]LogD3D11RHI: Creating new Direct3DDevice
[2018.01.27-01.48.25:357][  0]LogD3D11RHI:     GPU DeviceId: 0x1c03 (for the marketing name, search the web for "GPU Device Id")
[2018.01.27-01.48.25:357][  0]LogWindows: EnumDisplayDevices:
[2018.01.27-01.48.25:357][  0]LogWindows:    0. 'NVIDIA GeForce GTX 1060 6GB' (P:0 D:1)
[2018.01.27-01.48.25:357][  0]LogWindows:    1. 'NVIDIA GeForce GTX 1060 6GB' (P:1 D:1)
[2018.01.27-01.48.25:357][  0]LogWindows:    2. 'NVIDIA GeForce GTX 1060 6GB' (P:0 D:0)
[2018.01.27-01.48.25:357][  0]LogWindows:    3. 'NVIDIA GeForce GTX 1060 6GB' (P:0 D:0)
[2018.01.27-01.48.25:357][  0]LogWindows: DebugString: GetVideoDriverDetailsInvalid PrimaryIsNotTheChoosenAdapter GetVideoDriverDetailsInvalid PrimaryIsNotTheChoosenAdapter GetVideoDriverDetailsInvalid PrimaryIsNotTheChoosenAdapter GetVideoDriverDetailsInvalid PrimaryIsNotTheChoosenAdapter FoundDriverCount:0 
[2018.01.27-01.48.25:357][  0]LogD3D11RHI:     Adapter Name: NVIDIA GeForce GTX 1060 6GB
[2018.01.27-01.48.25:357][  0]LogD3D11RHI:   Driver Version: Unknown (internal:Unknown, unified:Unknown)
[2018.01.27-01.48.25:357][  0]LogD3D11RHI:      Driver Date: Unknown
[2018.01.27-01.48.25:357][  0]LogRHI: Texture pool is 4236 MB (70% of 6052 MB)
[2018.01.27-01.48.25:395][  0]LogD3D11RHI: Async texture creation enabled
[2018.01.27-01.48.25:491][  0]LogD3D11RHI: GPU Timing Frequency: 1000.000000 (Debug: 2 2)
[2018.01.27-01.48.25:588][  0]LogShaderCompilers: Guid format shader working directory is -24 characters bigger than the processId version (../../../../../../Users/Daniel/Documents/GitHub/Message/Message/Message/Intermediate/Shaders/WorkingDirectory/5620/).
[2018.01.27-01.48.25:588][  0]LogShaderCompilers: Cleaned the shader compiler working directory 'C:/Users/Daniel/AppData/Local/Temp/UnrealShaderWorkingDir/0E35CA954EA21B48888C0AA0B4DD7059/'.
[2018.01.27-01.48.25:588][  0]LogShaderCompilers: Display: Using Local Shader Compiler.
[2018.01.27-01.48.27:872][  0]LogTemp: Display: Loaded TP AllDesktopTargetPlatform
[2018.01.27-01.48.27:949][  0]LogTemp: Display: Loaded TP MacClientTargetPlatform
[2018.01.27-01.48.28:022][  0]LogTemp: Display: Loaded TP MacNoEditorTargetPlatform
[2018.01.27-01.48.28:095][  0]LogTemp: Display: Loaded TP MacServerTargetPlatform
[2018.01.27-01.48.28:177][  0]LogTemp: Display: Loaded TP MacTargetPlatform
[2018.01.27-01.48.28:252][  0]LogTemp: Display: Loaded TP WindowsClientTargetPlatform
[2018.01.27-01.48.28:327][  0]LogTemp: Display: Loaded TP WindowsNoEditorTargetPlatform
[2018.01.27-01.48.28:400][  0]LogTemp: Display: Loaded TP WindowsServerTargetPlatform
[2018.01.27-01.48.28:466][  0]LogTemp: Display: Loaded TP WindowsTargetPlatform
[2018.01.27-01.48.28:541][  0]LogTemp: Display: Loaded TP Android_ASTCTargetPlatform
[2018.01.27-01.48.28:612][  0]LogTemp: Display: Loaded TP Android_ATCTargetPlatform
[2018.01.27-01.48.28:682][  0]LogTemp: Display: Loaded TP Android_DXTTargetPlatform
[2018.01.27-01.48.28:752][  0]LogTemp: Display: Loaded TP Android_ETC1TargetPlatform
[2018.01.27-01.48.28:822][  0]LogTemp: Display: Loaded TP Android_ETC2TargetPlatform
[2018.01.27-01.48.28:969][  0]LogTemp: Display: Loaded TP Android_MultiTargetPlatform
[2018.01.27-01.48.28:969][  0]LogTemp: Display: Loaded TP Android_PVRTCTargetPlatform
[2018.01.27-01.48.29:080][  0]LogTemp: Display: Loaded TP AndroidTargetPlatform
[2018.01.27-01.48.29:135][  0]LogTemp: Display: Loaded TP HTML5TargetPlatform
[2018.01.27-01.48.29:263][  0]LogTemp: Display: Loaded TP IOSTargetPlatform
[2018.01.27-01.48.29:301][  0]LogTemp: Display: Loaded TP TVOSTargetPlatform
[2018.01.27-01.48.29:374][  0]LogTemp: Display: Loaded TP LinuxClientTargetPlatform
[2018.01.27-01.48.29:445][  0]LogTemp: Display: Loaded TP LinuxNoEditorTargetPlatform
[2018.01.27-01.48.29:514][  0]LogTemp: Display: Loaded TP LinuxServerTargetPlatform
[2018.01.27-01.48.29:590][  0]LogTemp: Display: Loaded TP LinuxTargetPlatform
[2018.01.27-01.48.29:590][  0]LogTargetPlatformManager: Display: Building Assets For Windows
[2018.01.27-01.48.30:254][  0]LogDerivedDataCache: Display: Max Cache Size: 512 MB
[2018.01.27-01.48.30:344][  0]LogDerivedDataCache: Loaded boot cache 0.09s 78MB C:/Users/Daniel/AppData/Local/UnrealEngine/4.18/DerivedDataCache/Boot.ddc.
[2018.01.27-01.48.30:344][  0]LogDerivedDataCache: Display: Loaded Boot cache: C:/Users/Daniel/AppData/Local/UnrealEngine/4.18/DerivedDataCache/Boot.ddc
[2018.01.27-01.48.30:344][  0]LogDerivedDataCache: FDerivedDataBackendGraph:  Pak pak cache file ../../../../../../Users/Daniel/Documents/GitHub/Message/Message/Message/DerivedDataCache/DDC.ddp not found, will not use a pak cache.
[2018.01.27-01.48.30:344][  0]LogDerivedDataCache: Unable to find inner node Pak for hierarchical cache Hierarchy.
[2018.01.27-01.48.30:344][  0]LogDerivedDataCache: FDerivedDataBackendGraph:  CompressedPak pak cache file ../../../../../../Users/Daniel/Documents/GitHub/Message/Message/Message/DerivedDataCache/Compressed.ddp not found, will not use a pak cache.
[2018.01.27-01.48.30:344][  0]LogDerivedDataCache: Unable to find inner node CompressedPak for hierarchical cache Hierarchy.
[2018.01.27-01.48.30:365][  0]LogDerivedDataCache: Display: Pak cache opened for reading ../../../Engine/DerivedDataCache/Compressed.ddp.
[2018.01.27-01.48.30:377][  0]LogDerivedDataCache: Using Local data cache path C:/Users/Daniel/AppData/Local/UnrealEngine/Common/DerivedDataCache: Writable
[2018.01.27-01.48.30:390][  0]LogMaterial: Verifying Global Shaders for PCD3D_SM5
[2018.01.27-01.48.30:390][  0]LogSlate: Using Freetype 2.6.0
[2018.01.27-01.48.30:407][  0]LogSlate: SlateFontCache - WITH_FREETYPE: 1, WITH_HARFBUZZ: 1
[2018.01.27-01.48.30:408][  0]LogSlate: SlateFontCache - WITH_FREETYPE: 1, WITH_HARFBUZZ: 1
[2018.01.27-01.48.31:084][  0]LogInit: Selected Device Profile: [Windows]
[2018.01.27-01.48.31:561][  0]LogSimplygon: Simplygon DLL not present - disabling.
[2018.01.27-01.48.31:625][  0]LogMeshReduction: Using SimplygonSwarm for distributed automatic mesh merging
[2018.01.27-01.48.31:625][  0]LogMeshReduction: Using QuadricMeshReduction for automatic static mesh reduction
[2018.01.27-01.48.31:625][  0]LogMeshReduction: No automatic skeletal mesh reduction module available
[2018.01.27-01.48.31:625][  0]LogMeshReduction: No automatic mesh merging module available
[2018.01.27-01.48.31:625][  0]LogMeshMerging: No automatic mesh merging module available
[2018.01.27-01.48.31:687][  0]LogNetVersion: Message , NetCL: 3709383, EngineNetVer: 2, GameNetVer: 0 (Checksum: 4057416795)
[2018.01.27-01.48.32:081][  0]LogAssetRegistry: FAssetRegistry took 0.0283 seconds to start up
[2018.01.27-01.48.32:750][  0]LogPackageLocalizationCache: Processed 7 localized package path(s) for 2 prioritized culture(s) in 0.088273 seconds
[2018.01.27-01.48.32:757][  0]LogUObjectArray: 35870 objects as part of root set at end of initial load.
[2018.01.27-01.48.32:757][  0]LogUObjectAllocator: 7363704 out of 0 bytes used by permanent object pool.
[2018.01.27-01.48.32:757][  0]LogUObjectArray: CloseDisregardForGC: 0/0 objects in disregard for GC pool
[2018.01.27-01.48.32:833][  0]LogInit: WinSock: version 1.1 (2.2), MaxSocks=32767, MaxUdp=65467
[2018.01.27-01.48.40:484][  0]LogTcpMessaging: Initializing TcpMessaging bridge
[2018.01.27-01.48.40:543][  0]LogUdpMessaging: Initializing bridge on interface 0.0.0.0:0 to multicast group 230.0.0.1:6666.
[2018.01.27-01.48.41:560][  0]LogMaterial: Uniform references updated for custom material expression Custom.
[2018.01.27-01.48.42:146][  0]SourceControl: Source control is disabled
[2018.01.27-01.48.43:890][  0]LogAndroidPermission: UAndroidPermissionCallbackProxy::GetInstance
[2018.01.27-01.48.44:290][  0]LogOcInput: OculusInput pre-init called
[2018.01.27-01.48.44:706][  0]LogEngine: Initializing Engine...
[2018.01.27-01.48.44:711][  0]LogHMD: Failed to initialize OpenVR with code 110
[2018.01.27-01.48.45:053][  0]LogStats: UGameplayTagsManager::ConstructGameplayTagTree: Construct from data asset -  0.000 s
[2018.01.27-01.48.45:053][  0]LogStats: UGameplayTagsManager::ConstructGameplayTagTree: GameplayTagTreeChangedEvent.Broadcast -  0.000 s
[2018.01.27-01.48.45:240][  0]LogAIModule: Creating AISystem for world Untitled
[2018.01.27-01.48.45:250][  0]LogInit: XAudio2 using 'Speakers (AudioBox 22VSL Audio)' : 2 channels at 44.1 kHz using 16 bits per sample (channel mask 0x3)
[2018.01.27-01.48.45:259][  0]LogInit: FAudioDevice initialized.
[2018.01.27-01.48.45:415][  0]LogDerivedDataCache: Saved boot cache 0.16s 78MB C:/Users/Daniel/AppData/Local/UnrealEngine/4.18/DerivedDataCache/Boot.ddc.
[2018.01.27-01.48.45:437][  0]LogInit: Texture streaming: Enabled
[2018.01.27-01.48.45:572][  0]LogEngineSessionManager: EngineSessionManager initialized
[2018.01.27-01.48.45:759][  0]LogInit: Transaction tracking system initialized
[2018.01.27-01.48.46:191][  0]BlueprintLog: New page: Editor Load
[2018.01.27-01.48.47:421][  0]LocalizationService: Localization service is disabled
[2018.01.27-01.48.48:536][  0]LogConsoleResponse: Display: 
[2018.01.27-01.48.49:047][  0]LogCook: Display: Max memory allowance for cook 16384mb min free memory 0mb
[2018.01.27-01.48.49:047][  0]LogCook: Display: Mobile HDR setting 1
[2018.01.27-01.48.49:047][  0]LogGameplayTags: Display: UGameplayTagsManager::DoneAddingNativeTags. DelegateIsBound: 0
[2018.01.27-01.48.49:273][  0]LogFileCache: Scanning file cache for directory 'C:/Users/Daniel/Documents/GitHub/Message/Message/Message/Content/' took 0.02s
[2018.01.27-01.48.50:792][  0]Cmd: MAP LOAD FILE="../../../../../../Users/Daniel/Documents/GitHub/Message/Message/Message/Content/2DSideScrollerBP/Maps/2DSideScrollerExampleMap.umap" TEMPLATE=0 SHOWPROGRESS=1 FEATURELEVEL=3
[2018.01.27-01.48.50:793][  0]LightingResults: New page: Lighting Build
[2018.01.27-01.48.50:848][  0]MapCheck: New page: Map Check
[2018.01.27-01.48.50:848][  0]LightingResults: New page: Lighting Build
[2018.01.27-01.48.51:130][  0]LogLinker: Warning: Can't find file '/Game/2DSideScrollerBP/Maps/2DSideScrollerExampleMap_BuiltData'
[2018.01.27-01.48.51:130][  0]LogLinker: Warning: Can't find file for asset '/Game/2DSideScrollerBP/Maps/2DSideScrollerExampleMap_BuiltData' while loading ../../../../../../Users/Daniel/Documents/GitHub/Message/Message/Message/Content/2DSideScrollerBP/Maps/2DSideScrollerExampleMap.umap.
[2018.01.27-01.48.51:130][  0]LoadErrors: Error: /Game/2DSideScrollerBP/Maps/2DSideScrollerExampleMap : Can't find file for asset. /Game/2DSideScrollerBP/Maps/2DSideScrollerExampleMap_BuiltData
[2018.01.27-01.48.51:154][  0]LogLinker: Warning: Can't find file '/Game/2DSideScrollerBP/Maps/2DSideScrollerExampleMap_BuiltData'
[2018.01.27-01.48.51:155][  0]LogLinker: Warning: Can't find file for asset '/Game/2DSideScrollerBP/Maps/2DSideScrollerExampleMap_BuiltData' while loading ../../../../../../Users/Daniel/Documents/GitHub/Message/Message/Message/Content/2DSideScrollerBP/Maps/2DSideScrollerExampleMap.umap.
[2018.01.27-01.48.51:155][  0]LoadErrors: Error: /Game/2DSideScrollerBP/Maps/2DSideScrollerExampleMap : Can't find file for asset. /Game/2DSideScrollerBP/Maps/2DSideScrollerExampleMap_BuiltData
[2018.01.27-01.48.51:157][  0]LogLinker: Warning: Can't find file '/Game/2DSideScrollerBP/Maps/2DSideScrollerExampleMap_BuiltData'
[2018.01.27-01.48.51:157][  0]LogLinker: Warning: Can't find file for asset '/Game/2DSideScrollerBP/Maps/2DSideScrollerExampleMap_BuiltData' while loading NULL.
[2018.01.27-01.48.51:157][  0]LogLinker: Warning: Can't find file '/Game/2DSideScrollerBP/Maps/2DSideScrollerExampleMap_BuiltData'
[2018.01.27-01.48.51:157][  0]LogLinker: Warning: Can't find file for asset '/Game/2DSideScrollerBP/Maps/2DSideScrollerExampleMap_BuiltData' while loading NULL.
[2018.01.27-01.48.51:169][  0]LogLinker: Warning: Can't find file '/Game/2DSideScrollerBP/Maps/2DSideScrollerExampleMap_BuiltData'
[2018.01.27-01.48.51:169][  0]LoadErrors: Failed to load /Game/2DSideScrollerBP/Maps/2DSideScrollerExampleMap_BuiltData.2DSideScrollerExampleMap_BuiltData Referenced by PersistentLevel
[2018.01.27-01.48.51:169][  0]LogLinker: Warning: Can't find file for asset '/Game/2DSideScrollerBP/Maps/2DSideScrollerExampleMap_BuiltData' while loading NULL.
[2018.01.27-01.48.51:169][  0]LoadErrors: Failed to load /Game/2DSideScrollerBP/Maps/2DSideScrollerExampleMap_BuiltData.2DSideScrollerExampleMap_BuiltData Referenced by PersistentLevel
[2018.01.27-01.48.51:238][  0]LogAIModule: Creating AISystem for world 2DSideScrollerExampleMap
[2018.01.27-01.48.51:242][  0]LogEditorServer: Finished looking for orphan Actors (0.000 secs)
[2018.01.27-01.48.51:269][  0]Cmd: MAP CHECKDEP NOCLEARLOG
[2018.01.27-01.48.51:336][  0]MapCheck: Map check complete: 0 Error(s), 0 Warning(s), took 66.111ms to complete.
[2018.01.27-01.48.51:336][  0]LogFileHelpers: Loading map '2DSideScrollerExampleMap' took 0.544
[2018.01.27-01.48.51:562][  0]LogCollectionManager: Loaded 0 collections in 0.003023 seconds
[2018.01.27-01.48.51:666][  0]LogFileCache: Scanning file cache for directory 'C:/Users/Daniel/Documents/GitHub/Message/Message/Message/Saved/Collections/' took 0.01s
[2018.01.27-01.48.51:666][  0]LogFileCache: Scanning file cache for directory 'C:/Users/Daniel/Documents/GitHub/Message/Message/Message/Content/Developers/Daniel/Collections/' took 0.01s
[2018.01.27-01.48.51:666][  0]LogFileCache: Scanning file cache for directory 'C:/Users/Daniel/Documents/GitHub/Message/Message/Message/Content/Collections/' took 0.01s
[2018.01.27-01.48.51:666][  0]LogCollectionManager: Rebuilt the GUID cache for 0 collections in 0.000000 seconds
[2018.01.27-01.48.51:683][  0]LogContentBrowser: Native class hierarchy populated in 0.0173 seconds. Added 2363 classes and 519 folders.
[2018.01.27-01.48.51:772][  0]LogContentBrowser: Native class hierarchy updated for 'WidgetCarousel' in 0.0003 seconds. Added 0 classes and 0 folders.
[2018.01.27-01.48.51:942][  0]LogContentBrowser: Native class hierarchy updated for 'AddContentDialog' in 0.0004 seconds. Added 0 classes and 0 folders.
[2018.01.27-01.48.52:006][  0]LogContentBrowser: Native class hierarchy updated for 'SceneOutliner' in 0.0003 seconds. Added 1 classes and 2 folders.
[2018.01.27-01.48.52:082][  0]LogContentBrowser: Native class hierarchy updated for 'WorldBrowser' in 0.0003 seconds. Added 2 classes and 3 folders.
[2018.01.27-01.48.52:104][  0]LogSlate: Took 0.013764 seconds to synchronously load lazily loaded font '../../../Engine/Content/Slate/Fonts/Roboto-Regular.ttf' (155K)
[2018.01.27-01.48.52:114][  0]LogSlate: Took 0.006613 seconds to synchronously load lazily loaded font '../../../Engine/Content/Slate/Fonts/Roboto-Bold.ttf' (160K)
[2018.01.27-01.48.52:128][  0]LogSlate: Took 0.007583 seconds to synchronously load lazily loaded font '../../../Engine/Content/Editor/Slate/Fonts/FontAwesome.ttf' (139K)
[2018.01.27-01.48.52:274][  0]LogRenderer: Reallocating scene render targets to support 1160x512 Format 10 NumSamples 1 (Frame:1).
[2018.01.27-01.48.52:517][  0]LogContentBrowser: Native class hierarchy updated for 'HierarchicalLODOutliner' in 0.0003 seconds. Added 1 classes and 2 folders.
[2018.01.27-01.48.52:517][  0]LogLoad: (Engine Initialization) Total time: 35.15 seconds
[2018.01.27-01.48.52:517][  0]LogLoad: (Engine Initialization) Total Blueprint compile time: 0.00 seconds
[2018.01.27-01.48.52:517][  0]LogExternalProfiler: No external profilers were discovered.  External profiling features will not be available.
[2018.01.27-01.48.52:876][  0]SourceControl: On branch master
[2018.01.27-01.48.52:876][  0]SourceControl: Your branch is up to date with 'origin/master'.
[2018.01.27-01.48.52:876][  0]SourceControl: Changes to be committed:
[2018.01.27-01.48.52:876][  0]SourceControl:   (use "git reset HEAD <file>..." to unstage)
[2018.01.27-01.48.52:876][  0]SourceControl: 	new file:   Message/Content/Audio/Gun_Wobble.uasset
[2018.01.27-01.48.52:876][  0]SourceControl: 	new file:   Message/Content/Audio/RAW/Gun_Wobble.uasset
[2018.01.27-01.48.52:876][  0]SourceControl: Changes not staged for commit:
[2018.01.27-01.48.52:876][  0]SourceControl:   (use "git add <file>..." to update what will be committed)
[2018.01.27-01.48.52:876][  0]SourceControl:   (use "git checkout -- <file>..." to discard changes in working directory)
[2018.01.27-01.48.52:876][  0]SourceControl: 	modified:   Message/Intermediate/CachedAssetRegistry.bin
[2018.01.27-01.48.52:876][  0]SourceControl: 	modified:   Message/Saved/Autosaves/PackageRestoreData.json
[2018.01.27-01.48.52:876][  0]SourceControl: 	modified:   Message/Saved/Config/Windows/Editor.ini
[2018.01.27-01.48.52:876][  0]SourceControl: 	modified:   Message/Saved/Config/Windows/EditorPerProjectUserSettings.ini
[2018.01.27-01.48.52:876][  0]SourceControl: 	modified:   Message/Saved/Config/Windows/Engine.ini
[2018.01.27-01.48.52:876][  0]SourceControl: Untracked files:
[2018.01.27-01.48.52:876][  0]SourceControl:   (use "git add <file>..." to include in what will be committed)
[2018.01.27-01.48.52:876][  0]SourceControl: 	Message/Saved/AutoScreenshot.png
[2018.01.27-01.48.52:876][  0]SourceControl: 	Message/Saved/Config/CrashReportClient/UE4CC-Windows-08EECA644C261415142E7AA254DFD2E2/
[2018.01.27-01.48.52:876][  0]SourceControl: 	Message/Saved/Config/CrashReportClient/UE4CC-Windows-3A522024484107A2C2A04588911FC62A/
[2018.01.27-01.48.52:876][  0]SourceControl: 	Message/Saved/Config/Windows/SourceControlSettings.ini
[2018.01.27-01.48.52:876][  0]SourceControl: 	Message/Saved/Logs/
[2018.01.27-01.48.52:877][  0]LogContentStreaming: Texture pool size now 1000 MB
[2018.01.27-01.48.52:954][  0]LogSlate: Took 0.000254 seconds to synchronously load lazily loaded font '../../../Engine/Content/Slate/Fonts/Roboto-Light.ttf' (159K)
[2018.01.27-01.48.53:200][  1]LogAssetRegistry: Asset discovery search completed in 21.1418 seconds
[2018.01.27-01.48.53:202][  1]LogCollectionManager: Rebuilt the object cache for 0 collections in 0.000000 seconds (found 0 objects)
[2018.01.27-01.48.53:202][  1]LogCollectionManager: Fixed up redirectors for 0 collections in 0.000066 seconds (updated 0 objects)
[2018.01.27-01.49.13:546][ 62]LogAudioEditor: Performing atomic reimport of [C:/Users/Daniel/Documents/Soapbox Project/Projects/SoapBox/SoapBox/TheMessage/Gun Wobble.wav]
[2018.01.27-01.49.13:546][ 62]LogFactory: FactoryCreateFile: SoundWave with ReimportSoundFactory (0 0 C:/Users/Daniel/Documents/Soapbox Project/Projects/SoapBox/SoapBox/TheMessage/Gun Wobble.wav)
[2018.01.27-01.49.13:579][ 62]LogAudioEditor: -- imported successfully
[2018.01.27-01.49.13:596][ 62]LogSlate: Took 0.000282 seconds to synchronously load lazily loaded font '../../../Engine/Content/Slate/Fonts/Roboto-Light.ttf' (159K)
[2018.01.27-01.49.13:601][ 62]LogAudioDerivedData: Display: Building compressed audio format OGG wave Gun_Wobble...
[2018.01.27-01.49.28:685][876]SourceControl: On branch master
[2018.01.27-01.49.28:685][876]SourceControl: Your branch is up to date with 'origin/master'.
[2018.01.27-01.49.28:685][876]SourceControl: Changes to be committed:
[2018.01.27-01.49.28:685][876]SourceControl:   (use "git reset HEAD <file>..." to unstage)
[2018.01.27-01.49.28:685][876]SourceControl: 	new file:   Message/Content/Audio/Gun_Wobble.uasset
[2018.01.27-01.49.28:685][876]SourceControl: 	new file:   Message/Content/Audio/RAW/Gun_Wobble.uasset
[2018.01.27-01.49.28:685][876]SourceControl: Changes not staged for commit:
[2018.01.27-01.49.28:685][876]SourceControl:   (use "git add <file>..." to update what will be committed)
[2018.01.27-01.49.28:685][876]SourceControl:   (use "git checkout -- <file>..." to discard changes in working directory)
[2018.01.27-01.49.28:685][876]SourceControl: 	modified:   Message/Intermediate/CachedAssetRegistry.bin
[2018.01.27-01.49.28:685][876]SourceControl: 	modified:   Message/Saved/Autosaves/PackageRestoreData.json
[2018.01.27-01.49.28:685][876]SourceControl: 	modified:   Message/Saved/Config/Windows/Editor.ini
[2018.01.27-01.49.28:685][876]SourceControl: 	modified:   Message/Saved/Config/Windows/EditorPerProjectUserSettings.ini
[2018.01.27-01.49.28:685][876]SourceControl: 	modified:   Message/Saved/Config/Windows/Engine.ini
[2018.01.27-01.49.28:685][876]SourceControl: Untracked files:
[2018.01.27-01.49.28:685][876]SourceControl:   (use "git add <file>..." to include in what will be committed)
[2018.01.27-01.49.28:685][876]SourceControl: 	Message/Saved/AutoScreenshot.png
[2018.01.27-01.49.28:685][876]SourceControl: 	Message/Saved/Config/CrashReportClient/UE4CC-Windows-08EECA644C261415142E7AA254DFD2E2/
[2018.01.27-01.49.28:685][876]SourceControl: 	Message/Saved/Config/CrashReportClient/UE4CC-Windows-3A522024484107A2C2A04588911FC62A/
[2018.01.27-01.49.28:685][876]SourceControl: 	Message/Saved/Config/Windows/SourceControlSettings.ini
[2018.01.27-01.49.28:685][876]SourceControl: 	Message/Saved/Logs/
[2018.01.27-01.49.28:935][876]LogSlate: Took 0.000208 seconds to synchronously load lazily loaded font '../../../Engine/Content/Slate/Fonts/Roboto-Light.ttf' (159K)
[2018.01.27-01.49.47:205][986]LogSlate: Took 0.005331 seconds to synchronously load lazily loaded font '../../../Engine/Content/Editor/Slate/Fonts/Roboto-BoldCondensed.ttf' (158K)
[2018.01.27-01.53.27:014][ 53]Cmd: OBJ SAVEPACKAGE PACKAGE="/Game/Audio/Gun_Wobble_Cue" FILE="../../../../../../Users/Daniel/Documents/GitHub/Message/Message/Message/Content/Audio/Gun_Wobble_Cue.uasset" SILENT=true
[2018.01.27-01.53.27:025][ 53]LogSavePackage: Save=7.93ms
[2018.01.27-01.53.27:025][ 53]LogSavePackage: Moving '../../../../../../Users/Daniel/Documents/GitHub/Message/Message/Message/Saved/Gun_Wobble_Cue74713B2C48F320FD9EDD44817EE4BBBC.tmp' to '../../../../../../Users/Daniel/Documents/GitHub/Message/Message/Message/Content/Audio/Gun_Wobble_Cue.uasset'
[2018.01.27-01.53.27:031][ 53]LogSavePackage: Display: Finished SavePackage ../../../../../../Users/Daniel/Documents/GitHub/Message/Message/Message/Content/Audio/Gun_Wobble_Cue.uasset
[2018.01.27-01.53.30:066][210]SourceControl: fatal: C:/Program Files/Epic Games/UE_4.18/Engine/Content/: 'C:/Program Files/Epic Games/UE_4.18/Engine/Content/' is outside repository
[2018.01.27-01.53.32:180][210]Cmd: OBJ SAVEPACKAGE PACKAGE="/Game/Audio/Gun_Wobble" FILE="../../../../../../Users/Daniel/Documents/GitHub/Message/Message/Message/Content/Audio/Gun_Wobble.uasset" SILENT=true
[2018.01.27-01.53.32:200][210]LogSavePackage: Save=8.86ms
[2018.01.27-01.53.32:200][210]LogSavePackage: Moving '../../../../../../Users/Daniel/Documents/GitHub/Message/Message/Message/Saved/Gun_Wobble62BB82D74EF0098E3CC36FB3A462CA1B.tmp' to '../../../../../../Users/Daniel/Documents/GitHub/Message/Message/Message/Content/Audio/Gun_Wobble.uasset'
[2018.01.27-01.53.32:204][210]LogSavePackage: Display: Finished SavePackage ../../../../../../Users/Daniel/Documents/GitHub/Message/Message/Message/Content/Audio/Gun_Wobble.uasset
[2018.01.27-01.53.51:747][210]LogSourceControl: FGitCheckInWorker: commit successful
[2018.01.27-01.53.51:856][210]SourceControl: [master afe477f] Gun Noises
[2018.01.27-01.53.51:856][210]SourceControl:  3 files changed, 0 insertions(+), 0 deletions(-)
[2018.01.27-01.53.51:856][210]SourceControl:  create mode 100644 Message/Content/Audio/Gun_Wobble.uasset
[2018.01.27-01.53.51:856][210]SourceControl:  create mode 100644 Message/Content/Audio/Gun_Wobble_Cue.uasset
[2018.01.27-01.53.51:856][210]SourceControl:  create mode 100644 Message/Content/Audio/RAW/Gun_Wobble.uasset
[2018.01.27-01.53.51:866][210]SourceControl: Commited [master afe477f] Gun Noises.
[2018.01.27-01.58.53:257][959]LogFileHelpers: Editor autosave (incl. sublevels) for '/Game/2DSideScrollerBP/Maps/2DSideScrollerExampleMap' took 0.027
[2018.01.27-01.58.53:287][959]OBJ SavePackage: Generating thumbnails for [0] asset(s) in package [/Game/Audio/Gun_Wobble_Cue] ([1] browsable assets)...
[2018.01.27-01.58.53:287][959]OBJ SavePackage: Finished generating thumbnails for package [/Game/Audio/Gun_Wobble_Cue]
[2018.01.27-01.58.53:302][959]LogSavePackage: Save=9.39ms
[2018.01.27-01.58.53:302][959]LogSavePackage: Moving '../../../../../../Users/Daniel/Documents/GitHub/Message/Message/Message/Saved/Gun_Wobble_Cue_Auto1616B04C84738DF1C66EC059BDD037040.tmp' to '../../../../../../Users/Daniel/Documents/GitHub/Message/Message/Message/Saved/Autosaves/Game/Audio/Gun_Wobble_Cue_Auto1.uasset'
[2018.01.27-01.58.53:304][959]LogSavePackage: Display: Finished SavePackage ../../../../../../Users/Daniel/Documents/GitHub/Message/Message/Message/Saved/Autosaves/Game/Audio/Gun_Wobble_Cue_Auto1.uasset
[2018.01.27-01.58.53:304][959]LogFileHelpers: Auto-saving content packages took 0.044
[2018.01.27-02.08.53:939][ 94]LogFileHelpers: Editor autosave (incl. sublevels) for '/Game/2DSideScrollerBP/Maps/2DSideScrollerExampleMap' took 0.029
[2018.01.27-02.08.53:943][ 94]OBJ SavePackage: Generating thumbnails for [0] asset(s) in package [/Game/Audio/Gun_Wobble_Cue] ([1] browsable assets)...
[2018.01.27-02.08.53:943][ 94]OBJ SavePackage: Finished generating thumbnails for package [/Game/Audio/Gun_Wobble_Cue]
[2018.01.27-02.08.53:958][ 94]LogSavePackage: Save=9.98ms
[2018.01.27-02.08.53:958][ 94]LogSavePackage: Moving '../../../../../../Users/Daniel/Documents/GitHub/Message/Message/Message/Saved/Gun_Wobble_Cue_Auto2392142FA49F2AE458BAC5894A01D0BE3.tmp' to '../../../../../../Users/Daniel/Documents/GitHub/Message/Message/Message/Saved/Autosaves/Game/Audio/Gun_Wobble_Cue_Auto2.uasset'
[2018.01.27-02.08.53:959][ 94]LogSavePackage: Display: Finished SavePackage ../../../../../../Users/Daniel/Documents/GitHub/Message/Message/Message/Saved/Autosaves/Game/Audio/Gun_Wobble_Cue_Auto2.uasset
[2018.01.27-02.08.53:960][ 94]LogFileHelpers: Auto-saving content packages took 0.018
[2018.01.27-02.12.31:998][880]LogEditorViewport: Clicking on Actor (LMB): PaperSpriteActor (Background_Sprite)
[2018.01.27-02.13.55:842][855]SourceControl: rm 'Message/Content/Audio/RAW/Gun_Wobble.uasset'
[2018.01.27-02.14.07:726][600]SourceControl: rm 'Message/Content/Audio/Gun_Wobble.uasset'
[2018.01.27-02.14.07:726][600]SourceControl: rm 'Message/Content/Audio/Gun_Wobble_Cue.uasset'
[2018.01.27-02.20.03:985][196]LogFactory: FactoryCreateFile: SoundWave with ReimportSoundFactory (0 0 C:\Users\Daniel\Documents\Soapbox Project\Projects\SoapBox\SoapBox\TheMessage\Gun Wobble Heavy.wav)
[2018.01.27-02.20.03:992][196]LogAudioDerivedData: Display: Building compressed audio format OGG wave Gun_Wobble_Heavy...
[2018.01.27-02.20.04:000][196]LogAudioDerivedData: Updated SoundWave->RawPCMDataSize during cooking SoundWave /Game/Audio/RAW/Gun_Wobble_Heavy.Gun_Wobble_Heavy.
[2018.01.27-02.20.04:082][196]LogFactory: FactoryCreateFile: SoundWave with ReimportSoundFactory (0 0 C:\Users\Daniel\Documents\Soapbox Project\Projects\SoapBox\SoapBox\TheMessage\Gun Wobble Light.wav)
[2018.01.27-02.20.04:086][196]LogAudioDerivedData: Display: Building compressed audio format OGG wave Gun_Wobble_Light...
[2018.01.27-02.20.04:094][196]LogAudioDerivedData: Updated SoundWave->RawPCMDataSize during cooking SoundWave /Game/Audio/RAW/Gun_Wobble_Light.Gun_Wobble_Light.
[2018.01.27-02.20.04:181][196]LogFactory: FactoryCreateFile: SoundWave with ReimportSoundFactory (0 0 C:\Users\Daniel\Documents\Soapbox Project\Projects\SoapBox\SoapBox\TheMessage\Gun Wobble Medium.wav)
[2018.01.27-02.20.04:185][196]LogAudioDerivedData: Display: Building compressed audio format OGG wave Gun_Wobble_Medium...
[2018.01.27-02.20.04:193][196]LogAudioDerivedData: Updated SoundWave->RawPCMDataSize during cooking SoundWave /Game/Audio/RAW/Gun_Wobble_Medium.Gun_Wobble_Medium.
