Log file open, 01/26/18 19:48:19
LogWindows: Failed to load 'aqProf.dll' (GetLastError=126)
LogWindows: File 'aqProf.dll' does not exist
LogWindows: Failed to load 'VSPerf140.dll' (GetLastError=126)
LogWindows: File 'VSPerf140.dll' does not exist
LogWindows: Failed to load 'VtuneApi.dll' (GetLastError=126)
LogWindows: File 'VtuneApi.dll' does not exist
LogWindows: Failed to load 'VtuneApi32e.dll' (GetLastError=126)
LogWindows: File 'VtuneApi32e.dll' does not exist
LogInit: Display: Running engine for game: Message
LogPlatformFile: Not using cached read wrapper
LogInit: Display: RandInit(1151111431) SRandInit(1151111431).
LogInit: Read version file with build ID '3709383'
LogInit: Overriding engine version to CL 3832480, compatible CL 3709383
LogInit: Registered custom module enumerator with build ID '3709383'
LogTaskGraph: Started task graph with 5 named threads and 26 total threads with 3 sets of task threads.
LogStats: Stats thread started at 0.329285
LogD3D11RHI: Aftermath initialized
LogModuleManager: Display: Found up-to-date module file ../../../Engine/Plugins/2D/Paper2D/Binaries/Win64/UE4Editor-Paper2D.dll (API version 3709383).
LogModuleManager: Display: Found up-to-date module file ../../../Engine/Plugins/2D/Paper2D/Binaries/Win64/UE4Editor-Paper2DEditor.dll (API version 3709383).
LogModuleManager: Display: Found up-to-date module file ../../../Engine/Plugins/2D/Paper2D/Binaries/Win64/UE4Editor-PaperSpriteSheetImporter.dll (API version 3709383).
LogModuleManager: Display: Found up-to-date module file ../../../Engine/Plugins/2D/Paper2D/Binaries/Win64/UE4Editor-PaperTiledImporter.dll (API version 3709383).
LogModuleManager: Display: Found up-to-date module file ../../../Engine/Plugins/2D/Paper2D/Binaries/Win64/UE4Editor-SmartSnapping.dll (API version 3709383).
LogModuleManager: Display: Found up-to-date module file ../../../Engine/Plugins/Blendables/LightPropagationVolume/Binaries/Win64/UE4Editor-LightPropagationVolumeRuntime.dll (API version 3709383).
LogModuleManager: Display: Found up-to-date module file ../../../Engine/Plugins/Blendables/LightPropagationVolume/Binaries/Win64/UE4Editor-LightPropagationVolumeEditor.dll (API version 3709383).
LogModuleManager: Display: Found up-to-date module file ../../../Engine/Plugins/Developer/GitSourceControl/Binaries/Win64/UE4Editor-GitSourceControl.dll (API version 3709383).
LogModuleManager: Display: Found up-to-date module file ../../../Engine/Plugins/Developer/PerforceSourceControl/Binaries/Win64/UE4Editor-PerforceSourceControl.dll (API version 3709383).
LogModuleManager: Display: Found up-to-date module file ../../../Engine/Plugins/Developer/SubversionSourceControl/Binaries/Win64/UE4Editor-SubversionSourceControl.dll (API version 3709383).
LogModuleManager: Display: Found up-to-date module file ../../../Engine/Plugins/Developer/UObjectPlugin/Binaries/Win64/UE4Editor-UObjectPlugin.dll (API version 3709383).
LogModuleManager: Display: Found up-to-date module file ../../../Engine/Plugins/Developer/VisualStudioCodeSourceCodeAccess/Binaries/Win64/UE4Editor-VisualStudioCodeSourceCodeAccess.dll (API version 3709383).
LogModuleManager: Display: Found up-to-date module file ../../../Engine/Plugins/Developer/VisualStudioSourceCodeAccess/Binaries/Win64/UE4Editor-VisualStudioSourceCodeAccess.dll (API version 3709383).
LogModuleManager: Display: Found up-to-date module file ../../../Engine/Plugins/Editor/AssetManagerEditor/Binaries/Win64/UE4Editor-AssetManagerEditor.dll (API version 3709383).
LogModuleManager: Display: Found up-to-date module file ../../../Engine/Plugins/Editor/AudioCapture/Binaries/Win64/UE4Editor-AudioCapture.dll (API version 3709383).
LogModuleManager: Display: Found up-to-date module file ../../../Engine/Plugins/Editor/FacialAnimation/Binaries/Win64/UE4Editor-FacialAnimation.dll (API version 3709383).
LogModuleManager: Display: Found up-to-date module file ../../../Engine/Plugins/Editor/FacialAnimation/Binaries/Win64/UE4Editor-FacialAnimationEditor.dll (API version 3709383).
LogModuleManager: Display: Found up-to-date module file ../../../Engine/Plugins/Editor/GameplayTagsEditor/Binaries/Win64/UE4Editor-GameplayTagsEditor.dll (API version 3709383).
LogModuleManager: Display: Found up-to-date module file ../../../Engine/Plugins/Editor/MobileLauncherProfileWizard/Binaries/Win64/UE4Editor-MobileLauncherProfileWizard.dll (API version 3709383).
LogModuleManager: Display: Found up-to-date module file ../../../Engine/Plugins/Editor/PluginBrowser/Binaries/Win64/UE4Editor-PluginBrowser.dll (API version 3709383).
LogModuleManager: Display: Found up-to-date module file ../../../Engine/Plugins/Editor/SpeedTreeImporter/Binaries/Win64/UE4Editor-SpeedTreeImporter.dll (API version 3709383).
LogModuleManager: Display: Found up-to-date module file ../../../Engine/Plugins/Experimental/AlembicImporter/Binaries/Win64/UE4Editor-AlembicImporter.dll (API version 3709383).
LogModuleManager: Display: Found up-to-date module file ../../../Engine/Plugins/Experimental/AlembicImporter/Binaries/Win64/UE4Editor-AlembicLibrary.dll (API version 3709383).
LogModuleManager: Display: Found up-to-date module file ../../../Engine/Plugins/Experimental/CharacterAI/Binaries/Win64/UE4Editor-CharacterAI.dll (API version 3709383).
LogModuleManager: Display: Found up-to-date module file ../../../Engine/Plugins/Experimental/HTML5Networking/Binaries/Win64/UE4Editor-HTML5Networking.dll (API version 3709383).
LogModuleManager: Display: Found up-to-date module file ../../../Engine/Plugins/Media/AndroidMedia/Binaries/Win64/UE4Editor-AndroidMediaEditor.dll (API version 3709383).
LogModuleManager: Display: Found up-to-date module file ../../../Engine/Plugins/Media/AndroidMedia/Binaries/Win64/UE4Editor-AndroidMediaFactory.dll (API version 3709383).
LogModuleManager: Display: Found up-to-date module file ../../../Engine/Plugins/Media/AvfMedia/Binaries/Win64/UE4Editor-AvfMediaEditor.dll (API version 3709383).
LogModuleManager: Display: Found up-to-date module file ../../../Engine/Plugins/Media/AvfMedia/Binaries/Win64/UE4Editor-AvfMediaFactory.dll (API version 3709383).
LogModuleManager: Display: Found up-to-date module file ../../../Engine/Plugins/Media/AvfMedia/Binaries/Win64/UE4Editor-AvfMediaFactory.dll (API version 3709383).
LogModuleManager: Display: Found up-to-date module file ../../../Engine/Plugins/Media/ImgMedia/Binaries/Win64/UE4Editor-ImgMedia.dll (API version 3709383).
LogModuleManager: Display: Found up-to-date module file ../../../Engine/Plugins/Media/ImgMedia/Binaries/Win64/UE4Editor-ImgMediaEditor.dll (API version 3709383).
LogModuleManager: Display: Found up-to-date module file ../../../Engine/Plugins/Media/ImgMedia/Binaries/Win64/UE4Editor-ImgMediaFactory.dll (API version 3709383).
LogModuleManager: Display: Found up-to-date module file ../../../Engine/Plugins/Media/ImgMedia/Binaries/Win64/UE4Editor-ImgMediaFactory.dll (API version 3709383).
LogModuleManager: Display: Found up-to-date module file ../../../Engine/Plugins/Media/ImgMedia/Binaries/Win64/UE4Editor-OpenExrWrapper.dll (API version 3709383).
LogModuleManager: Display: Found up-to-date module file ../../../Engine/Plugins/Media/MediaCompositing/Binaries/Win64/UE4Editor-MediaCompositing.dll (API version 3709383).
LogModuleManager: Display: Found up-to-date module file ../../../Engine/Plugins/Media/MediaCompositing/Binaries/Win64/UE4Editor-MediaCompositingEditor.dll (API version 3709383).
LogModuleManager: Display: Found up-to-date module file ../../../Engine/Plugins/Media/MediaPlayerEditor/Binaries/Win64/UE4Editor-MediaPlayerEditor.dll (API version 3709383).
LogModuleManager: Display: Found up-to-date module file ../../../Engine/Plugins/Media/WmfMedia/Binaries/Win64/UE4Editor-WmfMedia.dll (API version 3709383).
LogModuleManager: Display: Found up-to-date module file ../../../Engine/Plugins/Media/WmfMedia/Binaries/Win64/UE4Editor-WmfMediaEditor.dll (API version 3709383).
LogModuleManager: Display: Found up-to-date module file ../../../Engine/Plugins/Media/WmfMedia/Binaries/Win64/UE4Editor-WmfMediaFactory.dll (API version 3709383).
LogModuleManager: Display: Found up-to-date module file ../../../Engine/Plugins/Media/WmfMedia/Binaries/Win64/UE4Editor-WmfMediaFactory.dll (API version 3709383).
LogModuleManager: Display: Found up-to-date module file ../../../Engine/Plugins/Messaging/TcpMessaging/Binaries/Win64/UE4Editor-TcpMessaging.dll (API version 3709383).
LogModuleManager: Display: Found up-to-date module file ../../../Engine/Plugins/Messaging/UdpMessaging/Binaries/Win64/UE4Editor-UdpMessaging.dll (API version 3709383).
LogModuleManager: Display: Found up-to-date module file ../../../Engine/Plugins/MovieScene/ActorSequence/Binaries/Win64/UE4Editor-ActorSequence.dll (API version 3709383).
LogModuleManager: Display: Found up-to-date module file ../../../Engine/Plugins/MovieScene/LevelSequenceEditor/Binaries/Win64/UE4Editor-LevelSequenceEditor.dll (API version 3709383).
LogModuleManager: Display: Found up-to-date module file ../../../Engine/Plugins/MovieScene/MatineeToLevelSequence/Binaries/Win64/UE4Editor-MatineeToLevelSequence.dll (API version 3709383).
LogModuleManager: Display: Found up-to-date module file ../../../Engine/Plugins/Online/OnlineSubsystem/Binaries/Win64/UE4Editor-OnlineSubsystem.dll (API version 3709383).
LogModuleManager: Display: Found up-to-date module file ../../../Engine/Plugins/Runtime/AndroidPermission/Binaries/Win64/UE4Editor-AndroidPermission.dll (API version 3709383).
LogModuleManager: Display: Found up-to-date module file ../../../Engine/Plugins/Online/OnlineSubsystemNull/Binaries/Win64/UE4Editor-OnlineSubsystemNull.dll (API version 3709383).
LogModuleManager: Display: Found up-to-date module file ../../../Engine/Plugins/Online/OnlineSubsystemUtils/Binaries/Win64/UE4Editor-OnlineSubsystemUtils.dll (API version 3709383).
LogModuleManager: Display: Found up-to-date module file ../../../Engine/Plugins/Online/OnlineSubsystemUtils/Binaries/Win64/UE4Editor-OnlineBlueprintSupport.dll (API version 3709383).
LogModuleManager: Display: Found up-to-date module file ../../../Engine/Plugins/Runtime/AndroidDeviceProfileSelector/Binaries/Win64/UE4Editor-AndroidDeviceProfileSelector.dll (API version 3709383).
LogModuleManager: Display: Found up-to-date module file ../../../Engine/Plugins/Runtime/AppleARKit/Binaries/Win64/UE4Editor-AppleARKit.dll (API version 3709383).
LogModuleManager: Display: Found up-to-date module file ../../../Engine/Plugins/Runtime/ArchVisCharacter/Binaries/Win64/UE4Editor-ArchVisCharacter.dll (API version 3709383).
LogModuleManager: Display: Found up-to-date module file ../../../Engine/Plugins/Runtime/CableComponent/Binaries/Win64/UE4Editor-CableComponent.dll (API version 3709383).
LogModuleManager: Display: Found up-to-date module file ../../../Engine/Plugins/Runtime/CustomMeshComponent/Binaries/Win64/UE4Editor-CustomMeshComponent.dll (API version 3709383).
LogModuleManager: Display: Found up-to-date module file ../../../Engine/Plugins/Runtime/ExampleDeviceProfileSelector/Binaries/Win64/UE4Editor-ExampleDeviceProfileSelector.dll (API version 3709383).
LogModuleManager: Display: Found up-to-date module file ../../../Engine/Plugins/Runtime/ImmediatePhysics/Binaries/Win64/UE4Editor-ImmediatePhysics.dll (API version 3709383).
LogModuleManager: Display: Found up-to-date module file ../../../Engine/Plugins/Runtime/ImmediatePhysics/Binaries/Win64/UE4Editor-ImmediatePhysicsEditor.dll (API version 3709383).
LogModuleManager: Display: Found up-to-date module file ../../../Engine/Plugins/Runtime/LocationServicesBPLibrary/Binaries/Win64/UE4Editor-LocationServicesBPLibrary.dll (API version 3709383).
LogModuleManager: Display: Found up-to-date module file ../../../Engine/Plugins/Runtime/MobilePatchingUtils/Binaries/Win64/UE4Editor-MobilePatchingUtils.dll (API version 3709383).
LogModuleManager: Display: Found up-to-date module file ../../../Engine/Plugins/Runtime/Oculus/OculusVR/Binaries/Win64/UE4Editor-OculusHMD.dll (API version 3709383).
LogModuleManager: Display: Found up-to-date module file ../../../Engine/Plugins/Runtime/Oculus/OculusVR/Binaries/Win64/UE4Editor-OculusInput.dll (API version 3709383).
LogModuleManager: Display: Found up-to-date module file ../../../Engine/Plugins/Runtime/Oculus/OculusVR/Binaries/Win64/UE4Editor-OculusEditor.dll (API version 3709383).
LogModuleManager: Display: Found up-to-date module file ../../../Engine/Plugins/Runtime/PhysXVehicles/Binaries/Win64/UE4Editor-PhysXVehicles.dll (API version 3709383).
LogModuleManager: Display: Found up-to-date module file ../../../Engine/Plugins/Runtime/PhysXVehicles/Binaries/Win64/UE4Editor-PhysXVehiclesEditor.dll (API version 3709383).
LogModuleManager: Display: Found up-to-date module file ../../../Engine/Plugins/Runtime/ProceduralMeshComponent/Binaries/Win64/UE4Editor-ProceduralMeshComponent.dll (API version 3709383).
LogModuleManager: Display: Found up-to-date module file ../../../Engine/Plugins/Runtime/ProceduralMeshComponent/Binaries/Win64/UE4Editor-ProceduralMeshComponentEditor.dll (API version 3709383).
LogModuleManager: Display: Found up-to-date module file ../../../Engine/Plugins/Runtime/RuntimePhysXCooking/Binaries/Win64/UE4Editor-RuntimePhysXCooking.dll (API version 3709383).
LogModuleManager: Display: Found up-to-date module file ../../../Engine/Plugins/Runtime/Steam/SteamVR/Binaries/Win64/UE4Editor-SteamVR.dll (API version 3709383).
LogModuleManager: Display: Found up-to-date module file ../../../Engine/Plugins/Runtime/Steam/SteamVR/Binaries/Win64/UE4Editor-SteamVRController.dll (API version 3709383).
LogModuleManager: Display: Found up-to-date module file ../../../Engine/Plugins/Runtime/WindowsMoviePlayer/Binaries/Win64/UE4Editor-WindowsMoviePlayer.dll (API version 3709383).
LogPluginManager: Mounting plugin Paper2D
LogPluginManager: Mounting plugin LightPropagationVolume
LogPluginManager: Mounting plugin CodeLiteSourceCodeAccess
LogPluginManager: Mounting plugin GitSourceControl
LogPluginManager: Mounting plugin KDevelopSourceCodeAccess
LogPluginManager: Mounting plugin NullSourceCodeAccess
LogPluginManager: Mounting plugin PerforceSourceControl
LogPluginManager: Mounting plugin SubversionSourceControl
LogPluginManager: Mounting plugin UObjectPlugin
LogPluginManager: Mounting plugin VisualStudioCodeSourceCodeAccess
LogPluginManager: Mounting plugin VisualStudioSourceCodeAccess
LogPluginManager: Mounting plugin XCodeSourceCodeAccess
LogPluginManager: Mounting plugin AssetManagerEditor
LogPluginManager: Mounting plugin AudioCapture
LogPluginManager: Mounting plugin FacialAnimation
LogPluginManager: Mounting plugin GameplayTagsEditor
LogPluginManager: Mounting plugin MobileLauncherProfileWizard
LogPluginManager: Mounting plugin PluginBrowser
LogPluginManager: Mounting plugin SpeedTreeImporter
LogPluginManager: Mounting plugin AlembicImporter
LogPluginManager: Mounting plugin CharacterAI
LogPluginManager: Mounting plugin HTML5Networking
LogPluginManager: Mounting plugin AndroidMedia
LogPluginManager: Mounting plugin AvfMedia
LogPluginManager: Mounting plugin ImgMedia
LogPluginManager: Mounting plugin MediaCompositing
LogPluginManager: Mounting plugin MediaPlayerEditor
LogPluginManager: Mounting plugin WmfMedia
LogPluginManager: Mounting plugin TcpMessaging
LogPluginManager: Mounting plugin UdpMessaging
LogPluginManager: Mounting plugin ActorSequence
LogPluginManager: Mounting plugin LevelSequenceEditor
LogPluginManager: Mounting plugin MatineeToLevelSequence
LogPluginManager: Mounting plugin OnlineSubsystemGooglePlay
LogPluginManager: Mounting plugin OnlineSubsystemIOS
LogPluginManager: Mounting plugin OnlineSubsystem
LogPluginManager: Mounting plugin OnlineSubsystemNull
LogPluginManager: Mounting plugin OnlineSubsystemUtils
LogPluginManager: Mounting plugin AndroidDeviceProfileSelector
LogPluginManager: Mounting plugin AndroidMoviePlayer
LogPluginManager: Mounting plugin AndroidPermission
LogPluginManager: Mounting plugin AppleARKit
LogPluginManager: Mounting plugin AppleMoviePlayer
LogPluginManager: Mounting plugin ArchVisCharacter
LogPluginManager: Mounting plugin CableComponent
LogPluginManager: Mounting plugin CustomMeshComponent
LogPluginManager: Mounting plugin ExampleDeviceProfileSelector
LogPluginManager: Mounting plugin GoogleCloudMessaging
LogPluginManager: Mounting plugin ImmediatePhysics
LogPluginManager: Mounting plugin IOSDeviceProfileSelector
LogPluginManager: Mounting plugin LinuxDeviceProfileSelector
LogPluginManager: Mounting plugin LocationServicesBPLibrary
LogPluginManager: Mounting plugin MobilePatchingUtils
LogPluginManager: Mounting plugin OculusVR
LogPluginManager: Plugin shader directory ../../../Engine/Plugins/Runtime/Oculus/OculusVR/Shaders found
LogPluginManager: Mapping shader source directory ../../../Engine/Plugins/Runtime/Oculus/OculusVR/Shaders to virtual directory /Plugin/OculusVR
LogPluginManager: Mounting plugin PhysXVehicles
LogPluginManager: Mounting plugin ProceduralMeshComponent
LogPluginManager: Mounting plugin RuntimePhysXCooking
LogPluginManager: Mounting plugin SteamVR
LogPluginManager: Mounting plugin WindowsMoviePlayer
LogInit: Using libcurl 7.47.1
LogInit:  - built for x86_64-pc-win32
LogInit:  - supports SSL with OpenSSL/1.0.2g
LogInit:  - supports HTTP deflate (compression) using libz 1.2.8
LogInit:  - other features:
LogInit:      CURL_VERSION_SSL
LogInit:      CURL_VERSION_LIBZ
LogInit:      CURL_VERSION_IPV6
LogInit:      CURL_VERSION_ASYNCHDNS
LogInit:      CURL_VERSION_LARGEFILE
LogInit:      CURL_VERSION_IDN
LogInit:  CurlRequestOptions (configurable via config and command line):
LogInit:  - bVerifyPeer = false  - Libcurl will NOT verify peer certificate
LogInit:  - bUseHttpProxy = false  - Libcurl will NOT use HTTP proxy
LogInit:  - bDontReuseConnections = false  - Libcurl will reuse connections
LogInit:  - CertBundlePath = nullptr  - Libcurl will use whatever was configured at build time.
LogInit: Build: ++UE4+Release-4.18-CL-3832480
LogInit: Engine Version: 4.18.3-3832480+++UE4+Release-4.18
LogInit: Compatible Engine Version: 4.18.0-3709383+++UE4+Release-4.18
LogInit: Net CL: 3709383
LogDevObjectVersion: Number of dev versions registered: 16
LogDevObjectVersion:   Dev-Blueprints (B0D832E4-1F89-4F0D-ACCF-7EB736FD4AA2): 10
LogDevObjectVersion:   Dev-Build (E1C64328-A22C-4D53-A36C-8E866417BD8C): 0
LogDevObjectVersion:   Dev-Core (375EC13C-06E4-48FB-B500-84F0262A717E): 2
LogDevObjectVersion:   Dev-Editor (E4B068ED-F494-42E9-A231-DA0B2E46BB41): 20
LogDevObjectVersion:   Dev-Framework (CFFC743F-43B0-4480-9391-14DF171D2073): 30
LogDevObjectVersion:   Dev-Mobile (B02B49B5-BB20-44E9-A304-32B752E40360): 0
LogDevObjectVersion:   Dev-Networking (A4E4105C-59A1-49B5-A7C5-40C4547EDFEE): 0
LogDevObjectVersion:   Dev-Online (39C831C9-5AE6-47DC-9A44-9C173E1C8E7C): 0
LogDevObjectVersion:   Dev-Physics (78F01B33-EBEA-4F98-B9B4-84EACCB95AA2): 0
LogDevObjectVersion:   Dev-Platform (6631380F-2D4D-43E0-8009-CF276956A95A): 0
LogDevObjectVersion:   Dev-Rendering (12F88B9F-8875-4AFC-A67C-D90C383ABD29): 20
LogDevObjectVersion:   Dev-Sequencer (7B5AE74C-D270-4C10-A958-57980B212A5A): 4
LogDevObjectVersion:   Dev-VR (D7296918-1DD6-4BDD-9DE2-64A83CC13884): 0
LogDevObjectVersion:   Dev-LoadTimes (C2A15278-BFE7-4AFE-6C17-90FF531DF755): 1
LogDevObjectVersion:   Private-Geometry (6EACA3D4-40EC-4CC1-B786-8BED09428FC5): 1
LogDevObjectVersion:   Dev-AnimPhys (29E575DD-E0A3-4627-9D10-D276232CDCEA): 12
LogInit: Compiled (64-bit): Jan 12 2018 02:04:55
LogInit: Compiled with Visual C++: 19.00.24215.01
LogInit: Build Configuration: Development
LogInit: Branch Name: ++UE4+Release-4.18
LogInit: Command line:  
LogInit: Base directory: C:/Program Files/Epic Games/UE_4.18/Engine/Binaries/Win64/
LogInit: Installed Engine Build: 1
LogInit: Presizing for max 8388607 objects, including 0 objects not considered by GC, pre-allocating 0 bytes for permanent pool.
LogInit: Object subsystem initialized
[2018.01.27-01.48.21:866][  0]LogInit: Selected Device Profile: [Windows]
[2018.01.27-01.48.21:866][  0]LogInit: Applying CVar settings loaded from the selected device profile: [Windows]
[2018.01.27-01.48.21:894][  0]LogInit: Computer: DANIEL-PC
[2018.01.27-01.48.21:894][  0]LogInit: User: Daniel
[2018.01.27-01.48.21:894][  0]LogInit: CPU Page size=4096, Cores=8
[2018.01.27-01.48.21:894][  0]LogInit: High frequency timer resolution =2.924190 MHz
[2018.01.27-01.48.21:895][  0]LogMemory: Memory total: Physical=32.0GB (32GB approx)
[2018.01.27-01.48.21:895][  0]LogMemory: Platform Memory Stats for Windows
[2018.01.27-01.48.21:895][  0]LogMemory: Process Physical Memory: 275.42 MB used, 275.42 MB peak
[2018.01.27-01.48.21:895][  0]LogMemory: Process Virtual Memory: 270.60 MB used, 270.60 MB peak
[2018.01.27-01.48.21:895][  0]LogMemory: Physical Memory: 8549.48 MB used,  24169.93 MB free, 32719.41 MB total
[2018.01.27-01.48.21:895][  0]LogMemory: Virtual Memory: 687.64 MB used,  24169.93 MB free, 134217728.00 MB total
[2018.01.27-01.48.22:092][  0]LogInit: Using OS detected language (en-US).
[2018.01.27-01.48.22:092][  0]LogInit: Using OS detected locale (en-US).
[2018.01.27-01.48.22:153][  0]LogTextLocalizationManager: No specific localization for 'en-US' exists, so the 'en' localization will be used.
[2018.01.27-01.48.22:679][  0]LogInit: Setting process to per monitor DPI aware
[2018.01.27-01.48.25:291][  0]LogD3D11RHI: D3D11 adapters:
[2018.01.27-01.48.25:343][  0]LogD3D11RHI:    0. 'NVIDIA GeForce GTX 1060 6GB' (Feature Level 11_0)
[2018.01.27-01.48.25:343][  0]LogD3D11RHI:       6052/0/16359 MB DedicatedVideo/DedicatedSystem/SharedSystem, Outputs:2, VendorId:0x10de
[2018.01.27-01.48.25:346][  0]LogD3D11RHI:    1. 'Microsoft Basic Render Driver' (Feature Level 11_0)
[2018.01.27-01.48.25:346][  0]LogD3D11RHI:       0/0/16359 MB DedicatedVideo/DedicatedSystem/SharedSystem, Outputs:0, VendorId:0x1414
[2018.01.27-01.48.25:346][  0]LogD3D11RHI: Chosen D3D11 Adapter: 0
[2018.01.27-01.48.25:357][  0]LogD3D11RHI: Creating new Direct3DDevice
[2018.01.27-01.48.25:357][  0]LogD3D11RHI:     GPU DeviceId: 0x1c03 (for the marketing name, search the web for "GPU Device Id")
[2018.01.27-01.48.25:357][  0]LogWindows: EnumDisplayDevices:
[2018.01.27-01.48.25:357][  0]LogWindows:    0. 'NVIDIA GeForce GTX 1060 6GB' (P:0 D:1)
[2018.01.27-01.48.25:357][  0]LogWindows:    1. 'NVIDIA GeForce GTX 1060 6GB' (P:1 D:1)
[2018.01.27-01.48.25:357][  0]LogWindows:    2. 'NVIDIA GeForce GTX 1060 6GB' (P:0 D:0)
[2018.01.27-01.48.25:357][  0]LogWindows:    3. 'NVIDIA GeForce GTX 1060 6GB' (P:0 D:0)
[2018.01.27-01.48.25:357][  0]LogWindows: DebugString: GetVideoDriverDetailsInvalid PrimaryIsNotTheChoosenAdapter GetVideoDriverDetailsInvalid PrimaryIsNotTheChoosenAdapter GetVideoDriverDetailsInvalid PrimaryIsNotTheChoosenAdapter GetVideoDriverDetailsInvalid PrimaryIsNotTheChoosenAdapter FoundDriverCount:0 
[2018.01.27-01.48.25:357][  0]LogD3D11RHI:     Adapter Name: NVIDIA GeForce GTX 1060 6GB
[2018.01.27-01.48.25:357][  0]LogD3D11RHI:   Driver Version: Unknown (internal:Unknown, unified:Unknown)
[2018.01.27-01.48.25:357][  0]LogD3D11RHI:      Driver Date: Unknown
[2018.01.27-01.48.25:357][  0]LogRHI: Texture pool is 4236 MB (70% of 6052 MB)
[2018.01.27-01.48.25:395][  0]LogD3D11RHI: Async texture creation enabled
[2018.01.27-01.48.25:491][  0]LogD3D11RHI: GPU Timing Frequency: 1000.000000 (Debug: 2 2)
[2018.01.27-01.48.25:588][  0]LogShaderCompilers: Guid format shader working directory is -24 characters bigger than the processId version (../../../../../../Users/Daniel/Documents/GitHub/Message/Message/Message/Intermediate/Shaders/WorkingDirectory/5620/).
[2018.01.27-01.48.25:588][  0]LogShaderCompilers: Cleaned the shader compiler working directory 'C:/Users/Daniel/AppData/Local/Temp/UnrealShaderWorkingDir/0E35CA954EA21B48888C0AA0B4DD7059/'.
[2018.01.27-01.48.25:588][  0]LogShaderCompilers: Display: Using Local Shader Compiler.
[2018.01.27-01.48.27:872][  0]LogTemp: Display: Loaded TP AllDesktopTargetPlatform
[2018.01.27-01.48.27:949][  0]LogTemp: Display: Loaded TP MacClientTargetPlatform
[2018.01.27-01.48.28:022][  0]LogTemp: Display: Loaded TP MacNoEditorTargetPlatform
[2018.01.27-01.48.28:095][  0]LogTemp: Display: Loaded TP MacServerTargetPlatform
[2018.01.27-01.48.28:177][  0]LogTemp: Display: Loaded TP MacTargetPlatform
[2018.01.27-01.48.28:252][  0]LogTemp: Display: Loaded TP WindowsClientTargetPlatform
[2018.01.27-01.48.28:327][  0]LogTemp: Display: Loaded TP WindowsNoEditorTargetPlatform
[2018.01.27-01.48.28:400][  0]LogTemp: Display: Loaded TP WindowsServerTargetPlatform
[2018.01.27-01.48.28:466][  0]LogTemp: Display: Loaded TP WindowsTargetPlatform
[2018.01.27-01.48.28:541][  0]LogTemp: Display: Loaded TP Android_ASTCTargetPlatform
[2018.01.27-01.48.28:612][  0]LogTemp: Display: Loaded TP Android_ATCTargetPlatform
[2018.01.27-01.48.28:682][  0]LogTemp: Display: Loaded TP Android_DXTTargetPlatform
[2018.01.27-01.48.28:752][  0]LogTemp: Display: Loaded TP Android_ETC1TargetPlatform
[2018.01.27-01.48.28:822][  0]LogTemp: Display: Loaded TP Android_ETC2TargetPlatform
[2018.01.27-01.48.28:969][  0]LogTemp: Display: Loaded TP Android_MultiTargetPlatform
[2018.01.27-01.48.28:969][  0]LogTemp: Display: Loaded TP Android_PVRTCTargetPlatform
[2018.01.27-01.48.29:080][  0]LogTemp: Display: Loaded TP AndroidTargetPlatform
[2018.01.27-01.48.29:135][  0]LogTemp: Display: Loaded TP HTML5TargetPlatform
[2018.01.27-01.48.29:263][  0]LogTemp: Display: Loaded TP IOSTargetPlatform
[2018.01.27-01.48.29:301][  0]LogTemp: Display: Loaded TP TVOSTargetPlatform
[2018.01.27-01.48.29:374][  0]LogTemp: Display: Loaded TP LinuxClientTargetPlatform
[2018.01.27-01.48.29:445][  0]LogTemp: Display: Loaded TP LinuxNoEditorTargetPlatform
[2018.01.27-01.48.29:514][  0]LogTemp: Display: Loaded TP LinuxServerTargetPlatform
[2018.01.27-01.48.29:590][  0]LogTemp: Display: Loaded TP LinuxTargetPlatform
[2018.01.27-01.48.29:590][  0]LogTargetPlatformManager: Display: Building Assets For Windows
[2018.01.27-01.48.30:254][  0]LogDerivedDataCache: Display: Max Cache Size: 512 MB
[2018.01.27-01.48.30:344][  0]LogDerivedDataCache: Loaded boot cache 0.09s 78MB C:/Users/Daniel/AppData/Local/UnrealEngine/4.18/DerivedDataCache/Boot.ddc.
[2018.01.27-01.48.30:344][  0]LogDerivedDataCache: Display: Loaded Boot cache: C:/Users/Daniel/AppData/Local/UnrealEngine/4.18/DerivedDataCache/Boot.ddc
[2018.01.27-01.48.30:344][  0]LogDerivedDataCache: FDerivedDataBackendGraph:  Pak pak cache file ../../../../../../Users/Daniel/Documents/GitHub/Message/Message/Message/DerivedDataCache/DDC.ddp not found, will not use a pak cache.
[2018.01.27-01.48.30:344][  0]LogDerivedDataCache: Unable to find inner node Pak for hierarchical cache Hierarchy.
[2018.01.27-01.48.30:344][  0]LogDerivedDataCache: FDerivedDataBackendGraph:  CompressedPak pak cache file ../../../../../../Users/Daniel/Documents/GitHub/Message/Message/Message/DerivedDataCache/Compressed.ddp not found, will not use a pak cache.
[2018.01.27-01.48.30:344][  0]LogDerivedDataCache: Unable to find inner node CompressedPak for hierarchical cache Hierarchy.
[2018.01.27-01.48.30:365][  0]LogDerivedDataCache: Display: Pak cache opened for reading ../../../Engine/DerivedDataCache/Compressed.ddp.
[2018.01.27-01.48.30:377][  0]LogDerivedDataCache: Using Local data cache path C:/Users/Daniel/AppData/Local/UnrealEngine/Common/DerivedDataCache: Writable
[2018.01.27-01.48.30:390][  0]LogMaterial: Verifying Global Shaders for PCD3D_SM5
[2018.01.27-01.48.30:390][  0]LogSlate: Using Freetype 2.6.0
[2018.01.27-01.48.30:407][  0]LogSlate: SlateFontCache - WITH_FREETYPE: 1, WITH_HARFBUZZ: 1
[2018.01.27-01.48.30:408][  0]LogSlate: SlateFontCache - WITH_FREETYPE: 1, WITH_HARFBUZZ: 1
[2018.01.27-01.48.31:084][  0]LogInit: Selected Device Profile: [Windows]
[2018.01.27-01.48.31:561][  0]LogSimplygon: Simplygon DLL not present - disabling.
[2018.01.27-01.48.31:625][  0]LogMeshReduction: Using SimplygonSwarm for distributed automatic mesh merging
[2018.01.27-01.48.31:625][  0]LogMeshReduction: Using QuadricMeshReduction for automatic static mesh reduction
[2018.01.27-01.48.31:625][  0]LogMeshReduction: No automatic skeletal mesh reduction module available
[2018.01.27-01.48.31:625][  0]LogMeshReduction: No automatic mesh merging module available
[2018.01.27-01.48.31:625][  0]LogMeshMerging: No automatic mesh merging module available
[2018.01.27-01.48.31:687][  0]LogNetVersion: Message , NetCL: 3709383, EngineNetVer: 2, GameNetVer: 0 (Checksum: 4057416795)
[2018.01.27-01.48.32:081][  0]LogAssetRegistry: FAssetRegistry took 0.0283 seconds to start up
[2018.01.27-01.48.32:750][  0]LogPackageLocalizationCache: Processed 7 localized package path(s) for 2 prioritized culture(s) in 0.088273 seconds
[2018.01.27-01.48.32:757][  0]LogUObjectArray: 35870 objects as part of root set at end of initial load.
[2018.01.27-01.48.32:757][  0]LogUObjectAllocator: 7363704 out of 0 bytes used by permanent object pool.
[2018.01.27-01.48.32:757][  0]LogUObjectArray: CloseDisregardForGC: 0/0 objects in disregard for GC pool
[2018.01.27-01.48.32:833][  0]LogInit: WinSock: version 1.1 (2.2), MaxSocks=32767, MaxUdp=65467
[2018.01.27-01.48.40:484][  0]LogTcpMessaging: Initializing TcpMessaging bridge
[2018.01.27-01.48.40:543][  0]LogUdpMessaging: Initializing bridge on interface 0.0.0.0:0 to multicast group 230.0.0.1:6666.
[2018.01.27-01.48.41:560][  0]LogMaterial: Uniform references updated for custom material expression Custom.
[2018.01.27-01.48.42:146][  0]SourceControl: Source control is disabled
[2018.01.27-01.48.43:890][  0]LogAndroidPermission: UAndroidPermissionCallbackProxy::GetInstance
[2018.01.27-01.48.44:290][  0]LogOcInput: OculusInput pre-init called
[2018.01.27-01.48.44:706][  0]LogEngine: Initializing Engine...
[2018.01.27-01.48.44:711][  0]LogHMD: Failed to initialize OpenVR with code 110
[2018.01.27-01.48.45:053][  0]LogStats: UGameplayTagsManager::ConstructGameplayTagTree: Construct from data asset -  0.000 s
[2018.01.27-01.48.45:053][  0]LogStats: UGameplayTagsManager::ConstructGameplayTagTree: GameplayTagTreeChangedEvent.Broadcast -  0.000 s
[2018.01.27-01.48.45:240][  0]LogAIModule: Creating AISystem for world Untitled
[2018.01.27-01.48.45:250][  0]LogInit: XAudio2 using 'Speakers (AudioBox 22VSL Audio)' : 2 channels at 44.1 kHz using 16 bits per sample (channel mask 0x3)
[2018.01.27-01.48.45:259][  0]LogInit: FAudioDevice initialized.
[2018.01.27-01.48.45:415][  0]LogDerivedDataCache: Saved boot cache 0.16s 78MB C:/Users/Daniel/AppData/Local/UnrealEngine/4.18/DerivedDataCache/Boot.ddc.
[2018.01.27-01.48.45:437][  0]LogInit: Texture streaming: Enabled
[2018.01.27-01.48.45:572][  0]LogEngineSessionManager: EngineSessionManager initialized
[2018.01.27-01.48.45:759][  0]LogInit: Transaction tracking system initialized
[2018.01.27-01.48.46:191][  0]BlueprintLog: New page: Editor Load
[2018.01.27-01.48.47:421][  0]LocalizationService: Localization service is disabled
[2018.01.27-01.48.48:536][  0]LogConsoleResponse: Display: 
[2018.01.27-01.48.49:047][  0]LogCook: Display: Max memory allowance for cook 16384mb min free memory 0mb
[2018.01.27-01.48.49:047][  0]LogCook: Display: Mobile HDR setting 1
[2018.01.27-01.48.49:047][  0]LogGameplayTags: Display: UGameplayTagsManager::DoneAddingNativeTags. DelegateIsBound: 0
[2018.01.27-01.48.49:273][  0]LogFileCache: Scanning file cache for directory 'C:/Users/Daniel/Documents/GitHub/Message/Message/Message/Content/' took 0.02s
[2018.01.27-01.48.50:792][  0]Cmd: MAP LOAD FILE="../../../../../../Users/Daniel/Documents/GitHub/Message/Message/Message/Content/2DSideScrollerBP/Maps/2DSideScrollerExampleMap.umap" TEMPLATE=0 SHOWPROGRESS=1 FEATURELEVEL=3
[2018.01.27-01.48.50:793][  0]LightingResults: New page: Lighting Build
[2018.01.27-01.48.50:848][  0]MapCheck: New page: Map Check
[2018.01.27-01.48.50:848][  0]LightingResults: New page: Lighting Build
[2018.01.27-01.48.51:130][  0]LogLinker: Warning: Can't find file '/Game/2DSideScrollerBP/Maps/2DSideScrollerExampleMap_BuiltData'
[2018.01.27-01.48.51:130][  0]LogLinker: Warning: Can't find file for asset '/Game/2DSideScrollerBP/Maps/2DSideScrollerExampleMap_BuiltData' while loading ../../../../../../Users/Daniel/Documents/GitHub/Message/Message/Message/Content/2DSideScrollerBP/Maps/2DSideScrollerExampleMap.umap.
[2018.01.27-01.48.51:130][  0]LoadErrors: Error: /Game/2DSideScrollerBP/Maps/2DSideScrollerExampleMap : Can't find file for asset. /Game/2DSideScrollerBP/Maps/2DSideScrollerExampleMap_BuiltData
[2018.01.27-01.48.51:154][  0]LogLinker: Warning: Can't find file '/Game/2DSideScrollerBP/Maps/2DSideScrollerExampleMap_BuiltData'
[2018.01.27-01.48.51:155][  0]LogLinker: Warning: Can't find file for asset '/Game/2DSideScrollerBP/Maps/2DSideScrollerExampleMap_BuiltData' while loading ../../../../../../Users/Daniel/Documents/GitHub/Message/Message/Message/Content/2DSideScrollerBP/Maps/2DSideScrollerExampleMap.umap.
[2018.01.27-01.48.51:155][  0]LoadErrors: Error: /Game/2DSideScrollerBP/Maps/2DSideScrollerExampleMap : Can't find file for asset. /Game/2DSideScrollerBP/Maps/2DSideScrollerExampleMap_BuiltData
[2018.01.27-01.48.51:157][  0]LogLinker: Warning: Can't find file '/Game/2DSideScrollerBP/Maps/2DSideScrollerExampleMap_BuiltData'
[2018.01.27-01.48.51:157][  0]LogLinker: Warning: Can't find file for asset '/Game/2DSideScrollerBP/Maps/2DSideScrollerExampleMap_BuiltData' while loading NULL.
[2018.01.27-01.48.51:157][  0]LogLinker: Warning: Can't find file '/Game/2DSideScrollerBP/Maps/2DSideScrollerExampleMap_BuiltData'
[2018.01.27-01.48.51:157][  0]LogLinker: Warning: Can't find file for asset '/Game/2DSideScrollerBP/Maps/2DSideScrollerExampleMap_BuiltData' while loading NULL.
[2018.01.27-01.48.51:169][  0]LogLinker: Warning: Can't find file '/Game/2DSideScrollerBP/Maps/2DSideScrollerExampleMap_BuiltData'
[2018.01.27-01.48.51:169][  0]LoadErrors: Failed to load /Game/2DSideScrollerBP/Maps/2DSideScrollerExampleMap_BuiltData.2DSideScrollerExampleMap_BuiltData Referenced by PersistentLevel
[2018.01.27-01.48.51:169][  0]LogLinker: Warning: Can't find file for asset '/Game/2DSideScrollerBP/Maps/2DSideScrollerExampleMap_BuiltData' while loading NULL.
[2018.01.27-01.48.51:169][  0]LoadErrors: Failed to load /Game/2DSideScrollerBP/Maps/2DSideScrollerExampleMap_BuiltData.2DSideScrollerExampleMap_BuiltData Referenced by PersistentLevel
[2018.01.27-01.48.51:238][  0]LogAIModule: Creating AISystem for world 2DSideScrollerExampleMap
[2018.01.27-01.48.51:242][  0]LogEditorServer: Finished looking for orphan Actors (0.000 secs)
[2018.01.27-01.48.51:269][  0]Cmd: MAP CHECKDEP NOCLEARLOG
[2018.01.27-01.48.51:336][  0]MapCheck: Map check complete: 0 Error(s), 0 Warning(s), took 66.111ms to complete.
[2018.01.27-01.48.51:336][  0]LogFileHelpers: Loading map '2DSideScrollerExampleMap' took 0.544
[2018.01.27-01.48.51:562][  0]LogCollectionManager: Loaded 0 collections in 0.003023 seconds
[2018.01.27-01.48.51:666][  0]LogFileCache: Scanning file cache for directory 'C:/Users/Daniel/Documents/GitHub/Message/Message/Message/Saved/Collections/' took 0.01s
[2018.01.27-01.48.51:666][  0]LogFileCache: Scanning file cache for directory 'C:/Users/Daniel/Documents/GitHub/Message/Message/Message/Content/Developers/Daniel/Collections/' took 0.01s
[2018.01.27-01.48.51:666][  0]LogFileCache: Scanning file cache for directory 'C:/Users/Daniel/Documents/GitHub/Message/Message/Message/Content/Collections/' took 0.01s
[2018.01.27-01.48.51:666][  0]LogCollectionManager: Rebuilt the GUID cache for 0 collections in 0.000000 seconds
[2018.01.27-01.48.51:683][  0]LogContentBrowser: Native class hierarchy populated in 0.0173 seconds. Added 2363 classes and 519 folders.
[2018.01.27-01.48.51:772][  0]LogContentBrowser: Native class hierarchy updated for 'WidgetCarousel' in 0.0003 seconds. Added 0 classes and 0 folders.
[2018.01.27-01.48.51:942][  0]LogContentBrowser: Native class hierarchy updated for 'AddContentDialog' in 0.0004 seconds. Added 0 classes and 0 folders.
[2018.01.27-01.48.52:006][  0]LogContentBrowser: Native class hierarchy updated for 'SceneOutliner' in 0.0003 seconds. Added 1 classes and 2 folders.
[2018.01.27-01.48.52:082][  0]LogContentBrowser: Native class hierarchy updated for 'WorldBrowser' in 0.0003 seconds. Added 2 classes and 3 folders.
[2018.01.27-01.48.52:104][  0]LogSlate: Took 0.013764 seconds to synchronously load lazily loaded font '../../../Engine/Content/Slate/Fonts/Roboto-Regular.ttf' (155K)
[2018.01.27-01.48.52:114][  0]LogSlate: Took 0.006613 seconds to synchronously load lazily loaded font '../../../Engine/Content/Slate/Fonts/Roboto-Bold.ttf' (160K)
[2018.01.27-01.48.52:128][  0]LogSlate: Took 0.007583 seconds to synchronously load lazily loaded font '../../../Engine/Content/Editor/Slate/Fonts/FontAwesome.ttf' (139K)
[2018.01.27-01.48.52:274][  0]LogRenderer: Reallocating scene render targets to support 1160x512 Format 10 NumSamples 1 (Frame:1).
[2018.01.27-01.48.52:517][  0]LogContentBrowser: Native class hierarchy updated for 'HierarchicalLODOutliner' in 0.0003 seconds. Added 1 classes and 2 folders.
[2018.01.27-01.48.52:517][  0]LogLoad: (Engine Initialization) Total time: 35.15 seconds
[2018.01.27-01.48.52:517][  0]LogLoad: (Engine Initialization) Total Blueprint compile time: 0.00 seconds
[2018.01.27-01.48.52:517][  0]LogExternalProfiler: No external profilers were discovered.  External profiling features will not be available.
[2018.01.27-01.48.52:876][  0]SourceControl: On branch master
[2018.01.27-01.48.52:876][  0]SourceControl: Your branch is up to date with 'origin/master'.
[2018.01.27-01.48.52:876][  0]SourceControl: Changes to be committed:
[2018.01.27-01.48.52:876][  0]SourceControl:   (use "git reset HEAD <file>..." to unstage)
[2018.01.27-01.48.52:876][  0]SourceControl: 	new file:   Message/Content/Audio/Gun_Wobble.uasset
[2018.01.27-01.48.52:876][  0]SourceControl: 	new file:   Message/Content/Audio/RAW/Gun_Wobble.uasset
[2018.01.27-01.48.52:876][  0]SourceControl: Changes not staged for commit:
[2018.01.27-01.48.52:876][  0]SourceControl:   (use "git add <file>..." to update what will be committed)
[2018.01.27-01.48.52:876][  0]SourceControl:   (use "git checkout -- <file>..." to discard changes in working directory)
[2018.01.27-01.48.52:876][  0]SourceControl: 	modified:   Message/Intermediate/CachedAssetRegistry.bin
[2018.01.27-01.48.52:876][  0]SourceControl: 	modified:   Message/Saved/Autosaves/PackageRestoreData.json
[2018.01.27-01.48.52:876][  0]SourceControl: 	modified:   Message/Saved/Config/Windows/Editor.ini
[2018.01.27-01.48.52:876][  0]SourceControl: 	modified:   Message/Saved/Config/Windows/EditorPerProjectUserSettings.ini
[2018.01.27-01.48.52:876][  0]SourceControl: 	modified:   Message/Saved/Config/Windows/Engine.ini
[2018.01.27-01.48.52:876][  0]SourceControl: Untracked files:
[2018.01.27-01.48.52:876][  0]SourceControl:   (use "git add <file>..." to include in what will be committed)
[2018.01.27-01.48.52:876][  0]SourceControl: 	Message/Saved/AutoScreenshot.png
[2018.01.27-01.48.52:876][  0]SourceControl: 	Message/Saved/Config/CrashReportClient/UE4CC-Windows-08EECA644C261415142E7AA254DFD2E2/
[2018.01.27-01.48.52:876][  0]SourceControl: 	Message/Saved/Config/CrashReportClient/UE4CC-Windows-3A522024484107A2C2A04588911FC62A/
[2018.01.27-01.48.52:876][  0]SourceControl: 	Message/Saved/Config/Windows/SourceControlSettings.ini
[2018.01.27-01.48.52:876][  0]SourceControl: 	Message/Saved/Logs/
[2018.01.27-01.48.52:877][  0]LogContentStreaming: Texture pool size now 1000 MB
[2018.01.27-01.48.52:954][  0]LogSlate: Took 0.000254 seconds to synchronously load lazily loaded font '../../../Engine/Content/Slate/Fonts/Roboto-Light.ttf' (159K)
[2018.01.27-01.48.53:200][  1]LogAssetRegistry: Asset discovery search completed in 21.1418 seconds
[2018.01.27-01.48.53:202][  1]LogCollectionManager: Rebuilt the object cache for 0 collections in 0.000000 seconds (found 0 objects)
[2018.01.27-01.48.53:202][  1]LogCollectionManager: Fixed up redirectors for 0 collections in 0.000066 seconds (updated 0 objects)
[2018.01.27-01.49.13:546][ 62]LogAudioEditor: Performing atomic reimport of [C:/Users/Daniel/Documents/Soapbox Project/Projects/SoapBox/SoapBox/TheMessage/Gun Wobble.wav]
[2018.01.27-01.49.13:546][ 62]LogFactory: FactoryCreateFile: SoundWave with ReimportSoundFactory (0 0 C:/Users/Daniel/Documents/Soapbox Project/Projects/SoapBox/SoapBox/TheMessage/Gun Wobble.wav)
[2018.01.27-01.49.13:579][ 62]LogAudioEditor: -- imported successfully
[2018.01.27-01.49.13:596][ 62]LogSlate: Took 0.000282 seconds to synchronously load lazily loaded font '../../../Engine/Content/Slate/Fonts/Roboto-Light.ttf' (159K)
[2018.01.27-01.49.13:601][ 62]LogAudioDerivedData: Display: Building compressed audio format OGG wave Gun_Wobble...
[2018.01.27-01.49.28:685][876]SourceControl: On branch master
[2018.01.27-01.49.28:685][876]SourceControl: Your branch is up to date with 'origin/master'.
[2018.01.27-01.49.28:685][876]SourceControl: Changes to be committed:
[2018.01.27-01.49.28:685][876]SourceControl:   (use "git reset HEAD <file>..." to unstage)
[2018.01.27-01.49.28:685][876]SourceControl: 	new file:   Message/Content/Audio/Gun_Wobble.uasset
[2018.01.27-01.49.28:685][876]SourceControl: 	new file:   Message/Content/Audio/RAW/Gun_Wobble.uasset
[2018.01.27-01.49.28:685][876]SourceControl: Changes not staged for commit:
[2018.01.27-01.49.28:685][876]SourceControl:   (use "git add <file>..." to update what will be committed)
[2018.01.27-01.49.28:685][876]SourceControl:   (use "git checkout -- <file>..." to discard changes in working directory)
[2018.01.27-01.49.28:685][876]SourceControl: 	modified:   Message/Intermediate/CachedAssetRegistry.bin
[2018.01.27-01.49.28:685][876]SourceControl: 	modified:   Message/Saved/Autosaves/PackageRestoreData.json
[2018.01.27-01.49.28:685][876]SourceControl: 	modified:   Message/Saved/Config/Windows/Editor.ini
[2018.01.27-01.49.28:685][876]SourceControl: 	modified:   Message/Saved/Config/Windows/EditorPerProjectUserSettings.ini
[2018.01.27-01.49.28:685][876]SourceControl: 	modified:   Message/Saved/Config/Windows/Engine.ini
[2018.01.27-01.49.28:685][876]SourceControl: Untracked files:
[2018.01.27-01.49.28:685][876]SourceControl:   (use "git add <file>..." to include in what will be committed)
[2018.01.27-01.49.28:685][876]SourceControl: 	Message/Saved/AutoScreenshot.png
[2018.01.27-01.49.28:685][876]SourceControl: 	Message/Saved/Config/CrashReportClient/UE4CC-Windows-08EECA644C261415142E7AA254DFD2E2/
[2018.01.27-01.49.28:685][876]SourceControl: 	Message/Saved/Config/CrashReportClient/UE4CC-Windows-3A522024484107A2C2A04588911FC62A/
[2018.01.27-01.49.28:685][876]SourceControl: 	Message/Saved/Config/Windows/SourceControlSettings.ini
[2018.01.27-01.49.28:685][876]SourceControl: 	Message/Saved/Logs/
[2018.01.27-01.49.28:935][876]LogSlate: Took 0.000208 seconds to synchronously load lazily loaded font '../../../Engine/Content/Slate/Fonts/Roboto-Light.ttf' (159K)
[2018.01.27-01.49.47:205][986]LogSlate: Took 0.005331 seconds to synchronously load lazily loaded font '../../../Engine/Content/Editor/Slate/Fonts/Roboto-BoldCondensed.ttf' (158K)
[2018.01.27-01.53.27:014][ 53]Cmd: OBJ SAVEPACKAGE PACKAGE="/Game/Audio/Gun_Wobble_Cue" FILE="../../../../../../Users/Daniel/Documents/GitHub/Message/Message/Message/Content/Audio/Gun_Wobble_Cue.uasset" SILENT=true
[2018.01.27-01.53.27:025][ 53]LogSavePackage: Save=7.93ms
[2018.01.27-01.53.27:025][ 53]LogSavePackage: Moving '../../../../../../Users/Daniel/Documents/GitHub/Message/Message/Message/Saved/Gun_Wobble_Cue74713B2C48F320FD9EDD44817EE4BBBC.tmp' to '../../../../../../Users/Daniel/Documents/GitHub/Message/Message/Message/Content/Audio/Gun_Wobble_Cue.uasset'
[2018.01.27-01.53.27:031][ 53]LogSavePackage: Display: Finished SavePackage ../../../../../../Users/Daniel/Documents/GitHub/Message/Message/Message/Content/Audio/Gun_Wobble_Cue.uasset
[2018.01.27-01.53.30:066][210]SourceControl: fatal: C:/Program Files/Epic Games/UE_4.18/Engine/Content/: 'C:/Program Files/Epic Games/UE_4.18/Engine/Content/' is outside repository
[2018.01.27-01.53.32:180][210]Cmd: OBJ SAVEPACKAGE PACKAGE="/Game/Audio/Gun_Wobble" FILE="../../../../../../Users/Daniel/Documents/GitHub/Message/Message/Message/Content/Audio/Gun_Wobble.uasset" SILENT=true
[2018.01.27-01.53.32:200][210]LogSavePackage: Save=8.86ms
[2018.01.27-01.53.32:200][210]LogSavePackage: Moving '../../../../../../Users/Daniel/Documents/GitHub/Message/Message/Message/Saved/Gun_Wobble62BB82D74EF0098E3CC36FB3A462CA1B.tmp' to '../../../../../../Users/Daniel/Documents/GitHub/Message/Message/Message/Content/Audio/Gun_Wobble.uasset'
[2018.01.27-01.53.32:204][210]LogSavePackage: Display: Finished SavePackage ../../../../../../Users/Daniel/Documents/GitHub/Message/Message/Message/Content/Audio/Gun_Wobble.uasset
[2018.01.27-01.53.51:747][210]LogSourceControl: FGitCheckInWorker: commit successful
[2018.01.27-01.53.51:856][210]SourceControl: [master afe477f] Gun Noises
[2018.01.27-01.53.51:856][210]SourceControl:  3 files changed, 0 insertions(+), 0 deletions(-)
[2018.01.27-01.53.51:856][210]SourceControl:  create mode 100644 Message/Content/Audio/Gun_Wobble.uasset
[2018.01.27-01.53.51:856][210]SourceControl:  create mode 100644 Message/Content/Audio/Gun_Wobble_Cue.uasset
[2018.01.27-01.53.51:856][210]SourceControl:  create mode 100644 Message/Content/Audio/RAW/Gun_Wobble.uasset
[2018.01.27-01.53.51:866][210]SourceControl: Commited [master afe477f] Gun Noises.
[2018.01.27-01.58.53:257][959]LogFileHelpers: Editor autosave (incl. sublevels) for '/Game/2DSideScrollerBP/Maps/2DSideScrollerExampleMap' took 0.027
[2018.01.27-01.58.53:287][959]OBJ SavePackage: Generating thumbnails for [0] asset(s) in package [/Game/Audio/Gun_Wobble_Cue] ([1] browsable assets)...
[2018.01.27-01.58.53:287][959]OBJ SavePackage: Finished generating thumbnails for package [/Game/Audio/Gun_Wobble_Cue]
[2018.01.27-01.58.53:302][959]LogSavePackage: Save=9.39ms
[2018.01.27-01.58.53:302][959]LogSavePackage: Moving '../../../../../../Users/Daniel/Documents/GitHub/Message/Message/Message/Saved/Gun_Wobble_Cue_Auto1616B04C84738DF1C66EC059BDD037040.tmp' to '../../../../../../Users/Daniel/Documents/GitHub/Message/Message/Message/Saved/Autosaves/Game/Audio/Gun_Wobble_Cue_Auto1.uasset'
[2018.01.27-01.58.53:304][959]LogSavePackage: Display: Finished SavePackage ../../../../../../Users/Daniel/Documents/GitHub/Message/Message/Message/Saved/Autosaves/Game/Audio/Gun_Wobble_Cue_Auto1.uasset
[2018.01.27-01.58.53:304][959]LogFileHelpers: Auto-saving content packages took 0.044
[2018.01.27-02.08.53:939][ 94]LogFileHelpers: Editor autosave (incl. sublevels) for '/Game/2DSideScrollerBP/Maps/2DSideScrollerExampleMap' took 0.029
[2018.01.27-02.08.53:943][ 94]OBJ SavePackage: Generating thumbnails for [0] asset(s) in package [/Game/Audio/Gun_Wobble_Cue] ([1] browsable assets)...
[2018.01.27-02.08.53:943][ 94]OBJ SavePackage: Finished generating thumbnails for package [/Game/Audio/Gun_Wobble_Cue]
[2018.01.27-02.08.53:958][ 94]LogSavePackage: Save=9.98ms
[2018.01.27-02.08.53:958][ 94]LogSavePackage: Moving '../../../../../../Users/Daniel/Documents/GitHub/Message/Message/Message/Saved/Gun_Wobble_Cue_Auto2392142FA49F2AE458BAC5894A01D0BE3.tmp' to '../../../../../../Users/Daniel/Documents/GitHub/Message/Message/Message/Saved/Autosaves/Game/Audio/Gun_Wobble_Cue_Auto2.uasset'
[2018.01.27-02.08.53:959][ 94]LogSavePackage: Display: Finished SavePackage ../../../../../../Users/Daniel/Documents/GitHub/Message/Message/Message/Saved/Autosaves/Game/Audio/Gun_Wobble_Cue_Auto2.uasset
[2018.01.27-02.08.53:960][ 94]LogFileHelpers: Auto-saving content packages took 0.018
[2018.01.27-02.12.31:998][880]LogEditorViewport: Clicking on Actor (LMB): PaperSpriteActor (Background_Sprite)
[2018.01.27-02.13.55:842][855]SourceControl: rm 'Message/Content/Audio/RAW/Gun_Wobble.uasset'
[2018.01.27-02.14.07:726][600]SourceControl: rm 'Message/Content/Audio/Gun_Wobble.uasset'
[2018.01.27-02.14.07:726][600]SourceControl: rm 'Message/Content/Audio/Gun_Wobble_Cue.uasset'
[2018.01.27-02.20.03:985][196]LogFactory: FactoryCreateFile: SoundWave with ReimportSoundFactory (0 0 C:\Users\Daniel\Documents\Soapbox Project\Projects\SoapBox\SoapBox\TheMessage\Gun Wobble Heavy.wav)
[2018.01.27-02.20.03:992][196]LogAudioDerivedData: Display: Building compressed audio format OGG wave Gun_Wobble_Heavy...
[2018.01.27-02.20.04:000][196]LogAudioDerivedData: Updated SoundWave->RawPCMDataSize during cooking SoundWave /Game/Audio/RAW/Gun_Wobble_Heavy.Gun_Wobble_Heavy.
[2018.01.27-02.20.04:082][196]LogFactory: FactoryCreateFile: SoundWave with ReimportSoundFactory (0 0 C:\Users\Daniel\Documents\Soapbox Project\Projects\SoapBox\SoapBox\TheMessage\Gun Wobble Light.wav)
[2018.01.27-02.20.04:086][196]LogAudioDerivedData: Display: Building compressed audio format OGG wave Gun_Wobble_Light...
[2018.01.27-02.20.04:094][196]LogAudioDerivedData: Updated SoundWave->RawPCMDataSize during cooking SoundWave /Game/Audio/RAW/Gun_Wobble_Light.Gun_Wobble_Light.
[2018.01.27-02.20.04:181][196]LogFactory: FactoryCreateFile: SoundWave with ReimportSoundFactory (0 0 C:\Users\Daniel\Documents\Soapbox Project\Projects\SoapBox\SoapBox\TheMessage\Gun Wobble Medium.wav)
[2018.01.27-02.20.04:185][196]LogAudioDerivedData: Display: Building compressed audio format OGG wave Gun_Wobble_Medium...
[2018.01.27-02.20.04:193][196]LogAudioDerivedData: Updated SoundWave->RawPCMDataSize during cooking SoundWave /Game/Audio/RAW/Gun_Wobble_Medium.Gun_Wobble_Medium.
[2018.01.27-02.20.48:681][  5]LogFileHelpers: Editor autosave (incl. sublevels) for '/Game/2DSideScrollerBP/Maps/2DSideScrollerExampleMap' took 0.032
[2018.01.27-02.20.48:683][  5]OBJ SavePackage: Generating thumbnails for [1] asset(s) in package [/Game/Audio/RAW/Gun_Wobble_Heavy] ([1] browsable assets)...
[2018.01.27-02.20.48:701][  5]OBJ SavePackage:     Rendered thumbnail for [SoundWave /Game/Audio/RAW/Gun_Wobble_Heavy.Gun_Wobble_Heavy]
[2018.01.27-02.20.48:701][  5]OBJ SavePackage: Finished generating thumbnails for package [/Game/Audio/RAW/Gun_Wobble_Heavy]
[2018.01.27-02.20.48:712][  5]LogSavePackage: Save=8.42ms
[2018.01.27-02.20.48:712][  5]LogSavePackage: Moving '../../../../../../Users/Daniel/Documents/GitHub/Message/Message/Message/Saved/Gun_Wobble_Heavy_Auto3533FEBA640535FAC37609EA3F409D662.tmp' to '../../../../../../Users/Daniel/Documents/GitHub/Message/Message/Message/Saved/Autosaves/Game/Audio/RAW/Gun_Wobble_Heavy_Auto3.uasset'
[2018.01.27-02.20.48:715][  5]LogSavePackage: Display: Finished SavePackage ../../../../../../Users/Daniel/Documents/GitHub/Message/Message/Message/Saved/Autosaves/Game/Audio/RAW/Gun_Wobble_Heavy_Auto3.uasset
[2018.01.27-02.20.48:715][  5]OBJ SavePackage: Generating thumbnails for [1] asset(s) in package [/Game/Audio/RAW/Gun_Wobble_Medium] ([1] browsable assets)...
[2018.01.27-02.20.48:721][  5]OBJ SavePackage:     Rendered thumbnail for [SoundWave /Game/Audio/RAW/Gun_Wobble_Medium.Gun_Wobble_Medium]
[2018.01.27-02.20.48:721][  5]OBJ SavePackage: Finished generating thumbnails for package [/Game/Audio/RAW/Gun_Wobble_Medium]
[2018.01.27-02.20.48:732][  5]LogSavePackage: Save=8.91ms
[2018.01.27-02.20.48:732][  5]LogSavePackage: Moving '../../../../../../Users/Daniel/Documents/GitHub/Message/Message/Message/Saved/Gun_Wobble_Medium_Auto34436B6534A20FB7991F391A74225494D.tmp' to '../../../../../../Users/Daniel/Documents/GitHub/Message/Message/Message/Saved/Autosaves/Game/Audio/RAW/Gun_Wobble_Medium_Auto3.uasset'
[2018.01.27-02.20.48:734][  5]LogSavePackage: Display: Finished SavePackage ../../../../../../Users/Daniel/Documents/GitHub/Message/Message/Message/Saved/Autosaves/Game/Audio/RAW/Gun_Wobble_Medium_Auto3.uasset
[2018.01.27-02.20.48:735][  5]OBJ SavePackage: Generating thumbnails for [1] asset(s) in package [/Game/Audio/RAW/Gun_Wobble_Light] ([1] browsable assets)...
[2018.01.27-02.20.48:739][  5]OBJ SavePackage:     Rendered thumbnail for [SoundWave /Game/Audio/RAW/Gun_Wobble_Light.Gun_Wobble_Light]
[2018.01.27-02.20.48:739][  5]OBJ SavePackage: Finished generating thumbnails for package [/Game/Audio/RAW/Gun_Wobble_Light]
[2018.01.27-02.20.48:750][  5]LogSavePackage: Save=8.71ms
[2018.01.27-02.20.48:750][  5]LogSavePackage: Moving '../../../../../../Users/Daniel/Documents/GitHub/Message/Message/Message/Saved/Gun_Wobble_Light_Auto3B00059C146E7CB23A58017926D0AFE90.tmp' to '../../../../../../Users/Daniel/Documents/GitHub/Message/Message/Message/Saved/Autosaves/Game/Audio/RAW/Gun_Wobble_Light_Auto3.uasset'
[2018.01.27-02.20.48:752][  5]LogSavePackage: Display: Finished SavePackage ../../../../../../Users/Daniel/Documents/GitHub/Message/Message/Message/Saved/Autosaves/Game/Audio/RAW/Gun_Wobble_Light_Auto3.uasset
[2018.01.27-02.20.48:753][  5]LogFileHelpers: Auto-saving content packages took 0.071
[2018.01.27-02.23.10:807][ 13]Cmd: OBJ SAVEPACKAGE PACKAGE="/Game/Audio/RAW/Gun_Wobble_Heavy" FILE="../../../../../../Users/Daniel/Documents/GitHub/Message/Message/Message/Content/Audio/RAW/Gun_Wobble_Heavy.uasset" SILENT=true
[2018.01.27-02.23.10:819][ 13]LogSavePackage: Save=8.99ms
[2018.01.27-02.23.10:819][ 13]LogSavePackage: Moving '../../../../../../Users/Daniel/Documents/GitHub/Message/Message/Message/Saved/Gun_Wobble_HeavyAC0D1CC34D9D2F88DD2CD2AC00427FB9.tmp' to '../../../../../../Users/Daniel/Documents/GitHub/Message/Message/Message/Content/Audio/RAW/Gun_Wobble_Heavy.uasset'
[2018.01.27-02.23.10:827][ 13]LogSavePackage: Display: Finished SavePackage ../../../../../../Users/Daniel/Documents/GitHub/Message/Message/Message/Content/Audio/RAW/Gun_Wobble_Heavy.uasset
[2018.01.27-02.23.11:001][ 13]Cmd: OBJ SAVEPACKAGE PACKAGE="/Game/Audio/RAW/Gun_Wobble_Light" FILE="../../../../../../Users/Daniel/Documents/GitHub/Message/Message/Message/Content/Audio/RAW/Gun_Wobble_Light.uasset" SILENT=true
[2018.01.27-02.23.11:012][ 13]LogSavePackage: Save=8.28ms
[2018.01.27-02.23.11:012][ 13]LogSavePackage: Moving '../../../../../../Users/Daniel/Documents/GitHub/Message/Message/Message/Saved/Gun_Wobble_Light3FF61C974F2E86895B80078B2BCCE404.tmp' to '../../../../../../Users/Daniel/Documents/GitHub/Message/Message/Message/Content/Audio/RAW/Gun_Wobble_Light.uasset'
[2018.01.27-02.23.11:020][ 13]LogSavePackage: Display: Finished SavePackage ../../../../../../Users/Daniel/Documents/GitHub/Message/Message/Message/Content/Audio/RAW/Gun_Wobble_Light.uasset
[2018.01.27-02.23.11:197][ 13]Cmd: OBJ SAVEPACKAGE PACKAGE="/Game/Audio/RAW/Gun_Wobble_Medium" FILE="../../../../../../Users/Daniel/Documents/GitHub/Message/Message/Message/Content/Audio/RAW/Gun_Wobble_Medium.uasset" SILENT=true
[2018.01.27-02.23.11:208][ 13]LogSavePackage: Save=8.50ms
[2018.01.27-02.23.11:208][ 13]LogSavePackage: Moving '../../../../../../Users/Daniel/Documents/GitHub/Message/Message/Message/Saved/Gun_Wobble_Medium228248D94AD4EF834B27659AE5B715A9.tmp' to '../../../../../../Users/Daniel/Documents/GitHub/Message/Message/Message/Content/Audio/RAW/Gun_Wobble_Medium.uasset'
[2018.01.27-02.23.11:216][ 13]LogSavePackage: Display: Finished SavePackage ../../../../../../Users/Daniel/Documents/GitHub/Message/Message/Message/Content/Audio/RAW/Gun_Wobble_Medium.uasset
[2018.01.27-02.23.11:462][ 13]LogWindowsTextInputMethodSystem: Display: IME system now deactivated.
[2018.01.27-02.23.11:652][ 14]Cmd: QUIT_EDITOR
[2018.01.27-02.23.11:689][ 14]LogExit: Preparing to exit.
[2018.01.27-02.23.12:072][ 14]LogDirectoryWatcher: A directory notification for 'C:/Users/Daniel/Documents/GitHub/Message/Message/Message/Content/' was aborted.
[2018.01.27-02.23.12:087][ 14]LogExit: Editor shut down
[2018.01.27-02.23.12:092][ 14]LogExit: Transaction tracking system shut down
[2018.01.27-02.23.12:235][ 14]LogDirectoryWatcher: A directory notification for '../../../Engine/Content/' was aborted.
[2018.01.27-02.23.12:235][ 14]LogDirectoryWatcher: A directory notification for '../../../../../../Users/Daniel/Documents/GitHub/Message/Message/Message/Content/' was aborted.
[2018.01.27-02.23.12:235][ 14]LogDirectoryWatcher: A directory notification for '../../../Engine/Plugins/2D/Paper2D/Content/' was aborted.
[2018.01.27-02.23.12:236][ 14]LogDirectoryWatcher: A directory notification for '../../../Engine/Plugins/Media/MediaCompositing/Content/' was aborted.
[2018.01.27-02.23.12:236][ 14]LogDirectoryWatcher: A directory notification for '../../../Engine/Plugins/Runtime/AppleARKit/Content/' was aborted.
[2018.01.27-02.23.12:236][ 14]LogDirectoryWatcher: A directory notification for '../../../Engine/Plugins/Runtime/Oculus/OculusVR/Content/' was aborted.
[2018.01.27-02.23.12:236][ 14]LogDirectoryWatcher: A directory notification for '../../../Engine/Plugins/Runtime/Steam/SteamVR/Content/' was aborted.
[2018.01.27-02.23.12:291][ 14]LogExit: Object subsystem successfully closed.
[2018.01.27-02.23.12:313][ 14]LogD3D11RHI: Shutdown
[2018.01.27-02.23.12:313][ 14]LogD3D11RHI: CleanupD3DDevice
[2018.01.27-02.23.12:315][ 14]LogD3D11RHI: ~FD3D11DynamicRHI
[2018.01.27-02.23.12:334][ 14]LogModuleManager: Shutting down and abandoning module HierarchicalLODOutliner (550)
[2018.01.27-02.23.12:335][ 14]LogModuleManager: Shutting down and abandoning module WorldBrowser (548)
[2018.01.27-02.23.12:335][ 14]LogModuleManager: Shutting down and abandoning module SceneOutliner (546)
[2018.01.27-02.23.12:335][ 14]LogModuleManager: Shutting down and abandoning module AddContentDialog (544)
[2018.01.27-02.23.12:335][ 14]LogDirectoryWatcher: A directory notification for 'C:/Program Files/Epic Games/UE_4.18/FeaturePacks/' was aborted.
[2018.01.27-02.23.12:336][ 14]LogModuleManager: Shutting down and abandoning module WidgetCarousel (543)
[2018.01.27-02.23.12:336][ 14]LogModuleManager: Shutting down and abandoning module EditorWidgets (540)
[2018.01.27-02.23.12:336][ 14]LogModuleManager: Shutting down and abandoning module CollectionManager (538)
[2018.01.27-02.23.12:336][ 14]LogDirectoryWatcher: A directory notification for 'C:/Users/Daniel/Documents/GitHub/Message/Message/Message/Content/Collections/' was aborted.
[2018.01.27-02.23.12:336][ 14]LogDirectoryWatcher: A directory notification for 'C:/Users/Daniel/Documents/GitHub/Message/Message/Message/Content/Developers/Daniel/Collections/' was aborted.
[2018.01.27-02.23.12:336][ 14]LogDirectoryWatcher: A directory notification for 'C:/Users/Daniel/Documents/GitHub/Message/Message/Message/Saved/Collections/' was aborted.
[2018.01.27-02.23.12:336][ 14]LogModuleManager: Shutting down and abandoning module StatsViewer (536)
[2018.01.27-02.23.12:336][ 14]LogModuleManager: Shutting down and abandoning module FoliageEdit (534)
[2018.01.27-02.23.12:336][ 14]LogModuleManager: Shutting down and abandoning module LandscapeEditor (532)
[2018.01.27-02.23.12:336][ 14]LogModuleManager: Shutting down and abandoning module MeshPaintMode (530)
[2018.01.27-02.23.12:336][ 14]LogModuleManager: Shutting down and abandoning module SceneDepthPickerMode (528)
[2018.01.27-02.23.12:336][ 14]LogModuleManager: Shutting down and abandoning module ActorPickerMode (526)
[2018.01.27-02.23.12:336][ 14]LogModuleManager: Shutting down and abandoning module GeometryMode (524)
[2018.01.27-02.23.12:336][ 14]LogModuleManager: Shutting down and abandoning module TextureAlignMode (522)
[2018.01.27-02.23.12:336][ 14]LogModuleManager: Shutting down and abandoning module BspMode (520)
[2018.01.27-02.23.12:336][ 14]LogModuleManager: Shutting down and abandoning module PIEPreviewDeviceProfileSelector (518)
[2018.01.27-02.23.12:336][ 14]LogModuleManager: Shutting down and abandoning module HardwareSurvey (516)
[2018.01.27-02.23.12:336][ 14]LogModuleManager: Shutting down and abandoning module SequenceRecorderSections (514)
[2018.01.27-02.23.12:336][ 14]LogModuleManager: Shutting down and abandoning module AutomationWorker (512)
[2018.01.27-02.23.12:336][ 14]LogModuleManager: Shutting down and abandoning module MatineeToLevelSequence (510)
[2018.01.27-02.23.12:336][ 14]LogModuleManager: Shutting down and abandoning module LevelSequenceEditor (508)
[2018.01.27-02.23.12:336][ 14]LogModuleManager: Shutting down and abandoning module PlacementMode (507)
[2018.01.27-02.23.12:337][ 14]LogModuleManager: Shutting down and abandoning module WmfMediaFactory (504)
[2018.01.27-02.23.12:337][ 14]LogModuleManager: Shutting down and abandoning module WmfMediaEditor (502)
[2018.01.27-02.23.12:337][ 14]LogModuleManager: Shutting down and abandoning module OpenExrWrapper (500)
[2018.01.27-02.23.12:337][ 14]LogModuleManager: Shutting down and abandoning module ImgMediaFactory (498)
[2018.01.27-02.23.12:337][ 14]LogModuleManager: Shutting down and abandoning module ImgMediaEditor (496)
[2018.01.27-02.23.12:337][ 14]LogModuleManager: Shutting down and abandoning module AvfMediaFactory (494)
[2018.01.27-02.23.12:337][ 14]LogModuleManager: Shutting down and abandoning module AvfMediaEditor (492)
[2018.01.27-02.23.12:337][ 14]LogModuleManager: Shutting down and abandoning module AndroidMediaFactory (490)
[2018.01.27-02.23.12:337][ 14]LogModuleManager: Shutting down and abandoning module AndroidMediaEditor (488)
[2018.01.27-02.23.12:337][ 14]LogModuleManager: Shutting down and abandoning module CharacterAI (486)
[2018.01.27-02.23.12:337][ 14]LogModuleManager: Shutting down and abandoning module AudioCapture (484)
[2018.01.27-02.23.12:337][ 14]LogModuleManager: Shutting down and abandoning module SequenceRecorder (483)
[2018.01.27-02.23.12:337][ 14]LogModuleManager: Shutting down and abandoning module SmartSnapping (480)
[2018.01.27-02.23.12:337][ 14]LogModuleManager: Shutting down and abandoning module SessionServices (478)
[2018.01.27-02.23.12:337][ 14]LogModuleManager: Shutting down and abandoning module ViewportSnapping (476)
[2018.01.27-02.23.12:337][ 14]LogModuleManager: Shutting down and abandoning module ViewportInteraction (474)
[2018.01.27-02.23.12:337][ 14]LogModuleManager: Shutting down and abandoning module ClothPainter (472)
[2018.01.27-02.23.12:337][ 14]LogModuleManager: Shutting down and abandoning module SkeletalMeshEditor (471)
[2018.01.27-02.23.12:337][ 14]LogModuleManager: Shutting down and abandoning module LogVisualizer (468)
[2018.01.27-02.23.12:337][ 14]LogModuleManager: Shutting down and abandoning module IntroTutorials (466)
[2018.01.27-02.23.12:337][ 14]LogModuleManager: Shutting down and abandoning module GameProjectGeneration (465)
[2018.01.27-02.23.12:337][ 14]LogModuleManager: Shutting down and abandoning module IOSPlatformEditor (462)
[2018.01.27-02.23.12:337][ 14]LogModuleManager: Shutting down and abandoning module HTML5PlatformEditor (460)
[2018.01.27-02.23.12:337][ 14]LogModuleManager: Shutting down and abandoning module AndroidPlatformEditor (458)
[2018.01.27-02.23.12:337][ 14]LogModuleManager: Shutting down and abandoning module AndroidDeviceDetection (457)
[2018.01.27-02.23.12:489][ 14]LogModuleManager: Shutting down and abandoning module WindowsPlatformEditor (454)
[2018.01.27-02.23.12:489][ 14]LogModuleManager: Shutting down and abandoning module IOSRuntimeSettings (452)
[2018.01.27-02.23.12:489][ 14]LogModuleManager: Shutting down and abandoning module AndroidRuntimeSettings (450)
[2018.01.27-02.23.12:489][ 14]LogModuleManager: Shutting down and abandoning module InputBindingEditor (448)
[2018.01.27-02.23.12:489][ 14]LogModuleManager: Shutting down and abandoning module MergeActors (446)
[2018.01.27-02.23.12:489][ 14]LogModuleManager: Shutting down and abandoning module SizeMap (444)
[2018.01.27-02.23.12:489][ 14]LogModuleManager: Shutting down and abandoning module TreeMap (442)
[2018.01.27-02.23.12:489][ 14]LogModuleManager: Shutting down and abandoning module ReferenceViewer (440)
[2018.01.27-02.23.12:489][ 14]LogModuleManager: Shutting down and abandoning module LocalizationDashboard (438)
[2018.01.27-02.23.12:489][ 14]LogModuleManager: Shutting down and abandoning module LocalizationService (437)
[2018.01.27-02.23.12:489][ 14]LogModuleManager: Shutting down and abandoning module HardwareTargeting (434)
[2018.01.27-02.23.12:489][ 14]LogModuleManager: Shutting down and abandoning module DeviceProfileEditor (432)
[2018.01.27-02.23.12:489][ 14]LogModuleManager: Shutting down and abandoning module UndoHistory (430)
[2018.01.27-02.23.12:489][ 14]LogModuleManager: Shutting down and abandoning module XmlParser (428)
[2018.01.27-02.23.12:489][ 14]LogModuleManager: Shutting down and abandoning module Blutility (426)
[2018.01.27-02.23.12:489][ 14]LogModuleManager: Shutting down and abandoning module ProjectSettingsViewer (424)
[2018.01.27-02.23.12:489][ 14]LogModuleManager: Shutting down and abandoning module ProjectTargetPlatformEditor (423)
[2018.01.27-02.23.12:489][ 14]LogModuleManager: Shutting down and abandoning module EditorSettingsViewer (420)
[2018.01.27-02.23.12:489][ 14]LogModuleManager: Shutting down and abandoning module SettingsEditor (418)
[2018.01.27-02.23.12:489][ 14]LogModuleManager: Shutting down and abandoning module ProjectLauncher (416)
[2018.01.27-02.23.12:489][ 14]LogModuleManager: Shutting down and abandoning module SessionFrontend (414)
[2018.01.27-02.23.12:489][ 14]LogModuleManager: Shutting down and abandoning module ProfilerClient (412)
[2018.01.27-02.23.12:490][ 14]LogModuleManager: Shutting down and abandoning module DeviceManager (410)
[2018.01.27-02.23.12:490][ 14]LogModuleManager: Shutting down and abandoning module TargetDeviceServices (409)
[2018.01.27-02.23.12:553][ 14]LogModuleManager: Shutting down and abandoning module AutomationController (406)
[2018.01.27-02.23.12:553][ 14]LogModuleManager: Shutting down and abandoning module AutomationWindow (404)
[2018.01.27-02.23.12:553][ 14]LogModuleManager: Shutting down and abandoning module Layers (402)
[2018.01.27-02.23.12:553][ 14]LogModuleManager: Shutting down and abandoning module ComponentVisualizers (400)
[2018.01.27-02.23.12:553][ 14]LogModuleManager: Shutting down and abandoning module DetailCustomizations (398)
[2018.01.27-02.23.12:553][ 14]LogModuleManager: Shutting down and abandoning module PackagesDialog (396)
[2018.01.27-02.23.12:553][ 14]LogModuleManager: Shutting down and abandoning module Persona (394)
[2018.01.27-02.23.12:553][ 14]LogModuleManager: Shutting down and abandoning module AdvancedPreviewScene (393)
[2018.01.27-02.23.12:553][ 14]LogModuleManager: Shutting down and abandoning module AnimGraph (391)
[2018.01.27-02.23.12:553][ 14]LogModuleManager: Shutting down and abandoning module Kismet (388)
[2018.01.27-02.23.12:553][ 14]LogModuleManager: Shutting down and abandoning module ClassViewer (386)
[2018.01.27-02.23.12:553][ 14]LogModuleManager: Shutting down and abandoning module Toolbox (384)
[2018.01.27-02.23.12:553][ 14]LogModuleManager: Shutting down and abandoning module ModuleUI (382)
[2018.01.27-02.23.12:554][ 14]LogModuleManager: Shutting down and abandoning module MovieSceneTools (380)
[2018.01.27-02.23.12:554][ 14]LogModuleManager: Shutting down and abandoning module OutputLog (378)
[2018.01.27-02.23.12:554][ 14]LogModuleManager: Shutting down and abandoning module GammaUI (376)
[2018.01.27-02.23.12:554][ 14]LogModuleManager: Shutting down and abandoning module Documentation (374)
[2018.01.27-02.23.12:554][ 14]LogModuleManager: Shutting down and abandoning module MovieSceneTracks (372)
[2018.01.27-02.23.12:554][ 14]LogModuleManager: Shutting down and abandoning module MovieScene (370)
[2018.01.27-02.23.12:554][ 14]LogModuleManager: Shutting down and abandoning module StreamingPauseRendering (368)
[2018.01.27-02.23.12:554][ 14]LogModuleManager: Shutting down and abandoning module LauncherPlatform (366)
[2018.01.27-02.23.12:554][ 14]LogModuleManager: Shutting down and abandoning module AnalyticsET (364)
[2018.01.27-02.23.12:554][ 14]LogModuleManager: Shutting down and abandoning module PortalServices (362)
[2018.01.27-02.23.12:554][ 14]LogModuleManager: Shutting down and abandoning module PortalRpc (360)
[2018.01.27-02.23.12:554][ 14]LogModuleManager: Shutting down and abandoning module MessagingRpc (358)
[2018.01.27-02.23.12:554][ 14]LogModuleManager: Shutting down and abandoning module AIModule (356)
[2018.01.27-02.23.12:554][ 14]LogModuleManager: Shutting down and abandoning module GameplayDebugger (355)
[2018.01.27-02.23.12:554][ 14]LogModuleManager: Shutting down and abandoning module AITestSuite (353)
[2018.01.27-02.23.12:554][ 14]LogModuleManager: Shutting down and abandoning module DesktopPlatform (350)
[2018.01.27-02.23.12:554][ 14]LogModuleManager: Shutting down and abandoning module ProfilerService (348)
[2018.01.27-02.23.12:706][ 14]LogModuleManager: Shutting down and abandoning module TaskGraph (346)
[2018.01.27-02.23.12:706][ 14]LogModuleManager: Shutting down and abandoning module SteamVRController (344)
[2018.01.27-02.23.12:706][ 14]LogModuleManager: Shutting down and abandoning module ProceduralMeshComponentEditor (342)
[2018.01.27-02.23.12:706][ 14]LogModuleManager: Shutting down and abandoning module ProceduralMeshComponent (340)
[2018.01.27-02.23.12:706][ 14]LogModuleManager: Shutting down and abandoning module OculusInput (338)
[2018.01.27-02.23.12:706][ 14]LogModuleManager: Shutting down and abandoning module MobilePatchingUtils (336)
[2018.01.27-02.23.12:706][ 14]LogModuleManager: Shutting down and abandoning module CustomMeshComponent (334)
[2018.01.27-02.23.12:706][ 14]LogModuleManager: Shutting down and abandoning module CableComponent (332)
[2018.01.27-02.23.12:706][ 14]LogModuleManager: Shutting down and abandoning module ArchVisCharacter (330)
[2018.01.27-02.23.12:706][ 14]LogModuleManager: Shutting down and abandoning module AndroidPermission (328)
[2018.01.27-02.23.12:706][ 14]LogModuleManager: Shutting down and abandoning module ActorSequence (324)
[2018.01.27-02.23.12:706][ 14]LogModuleManager: Shutting down and abandoning module MediaPlayerEditor (322)
[2018.01.27-02.23.12:707][ 14]LogModuleManager: Shutting down and abandoning module MediaCompositingEditor (320)
[2018.01.27-02.23.12:707][ 14]LogModuleManager: Shutting down and abandoning module MediaCompositing (318)
[2018.01.27-02.23.12:707][ 14]LogModuleManager: Shutting down and abandoning module HTML5Networking (316)
[2018.01.27-02.23.12:707][ 14]LogModuleManager: Shutting down and abandoning module AlembicImporter (314)
[2018.01.27-02.23.12:707][ 14]LogModuleManager: Shutting down and abandoning module AlembicLibrary (313)
[2018.01.27-02.23.12:707][ 14]LogModuleManager: Shutting down and abandoning module GeometryCache (312)
[2018.01.27-02.23.12:707][ 14]LogModuleManager: Shutting down and abandoning module GeometryCacheEd (311)
[2018.01.27-02.23.12:707][ 14]LogModuleManager: Shutting down and abandoning module SpeedTreeImporter (306)
[2018.01.27-02.23.12:707][ 14]LogModuleManager: Shutting down and abandoning module PluginBrowser (304)
[2018.01.27-02.23.12:707][ 14]LogModuleManager: Shutting down and abandoning module MobileLauncherProfileWizard (302)
[2018.01.27-02.23.12:707][ 14]LogModuleManager: Shutting down and abandoning module VisualStudioSourceCodeAccess (300)
[2018.01.27-02.23.12:707][ 14]LogModuleManager: Shutting down and abandoning module VisualStudioCodeSourceCodeAccess (298)
[2018.01.27-02.23.12:707][ 14]LogModuleManager: Shutting down and abandoning module UObjectPlugin (296)
[2018.01.27-02.23.12:707][ 14]LogModuleManager: Shutting down and abandoning module SubversionSourceControl (294)
[2018.01.27-02.23.12:707][ 14]LogModuleManager: Shutting down and abandoning module PerforceSourceControl (292)
[2018.01.27-02.23.12:707][ 14]LogModuleManager: Shutting down and abandoning module GitSourceControl (290)
[2018.01.27-02.23.12:707][ 14]LogModuleManager: Shutting down and abandoning module SourceControl (289)
[2018.01.27-02.23.12:707][ 14]LogModuleManager: Shutting down and abandoning module LightPropagationVolumeEditor (286)
[2018.01.27-02.23.12:707][ 14]LogModuleManager: Shutting down and abandoning module PaperTiledImporter (284)
[2018.01.27-02.23.12:707][ 14]LogModuleManager: Shutting down and abandoning module PaperSpriteSheetImporter (282)
[2018.01.27-02.23.12:707][ 14]LogModuleManager: Shutting down and abandoning module Paper2DEditor (280)
[2018.01.27-02.23.12:707][ 14]LogModuleManager: Shutting down and abandoning module MeshPaint (279)
[2018.01.27-02.23.12:707][ 14]LogModuleManager: Shutting down and abandoning module LevelEditor (277)
[2018.01.27-02.23.12:708][ 14]LogModuleManager: Shutting down and abandoning module PixelInspectorModule (276)
[2018.01.27-02.23.12:708][ 14]LogModuleManager: Shutting down and abandoning module MainFrame (274)
[2018.01.27-02.23.12:708][ 14]LogModuleManager: Shutting down and abandoning module HotReload (273)
[2018.01.27-02.23.12:709][ 14]LogModuleManager: Shutting down and abandoning module RuntimePhysXCooking (268)
[2018.01.27-02.23.12:709][ 14]LogModuleManager: Shutting down and abandoning module PhysXVehiclesEditor (266)
[2018.01.27-02.23.12:709][ 14]LogModuleManager: Shutting down and abandoning module PhysXVehicles (264)
[2018.01.27-02.23.12:709][ 14]LogModuleManager: Shutting down and abandoning module OculusEditor (262)
[2018.01.27-02.23.12:709][ 14]LogModuleManager: Shutting down and abandoning module LocationServicesBPLibrary (260)
[2018.01.27-02.23.12:709][ 14]LogModuleManager: Shutting down and abandoning module ImmediatePhysicsEditor (258)
[2018.01.27-02.23.12:709][ 14]LogModuleManager: Shutting down and abandoning module ImmediatePhysics (256)
[2018.01.27-02.23.12:709][ 14]LogModuleManager: Shutting down and abandoning module UdpMessaging (254)
[2018.01.27-02.23.12:809][ 14]LogModuleManager: Shutting down and abandoning module TcpMessaging (252)
[2018.01.27-02.23.13:004][ 14]LogModuleManager: Shutting down and abandoning module GameplayTagsEditor (250)
[2018.01.27-02.23.13:004][ 14]LogModuleManager: Shutting down and abandoning module FacialAnimationEditor (248)
[2018.01.27-02.23.13:004][ 14]LogModuleManager: Shutting down and abandoning module FacialAnimation (246)
[2018.01.27-02.23.13:004][ 14]LogModuleManager: Shutting down and abandoning module AssetManagerEditor (244)
[2018.01.27-02.23.13:004][ 14]LogModuleManager: Shutting down and abandoning module GraphEditor (243)
[2018.01.27-02.23.13:004][ 14]LogModuleManager: Shutting down and abandoning module ContentBrowser (241)
[2018.01.27-02.23.13:005][ 14]LogModuleManager: Shutting down and abandoning module LightPropagationVolumeRuntime (238)
[2018.01.27-02.23.13:005][ 14]LogModuleManager: Shutting down and abandoning module Paper2D (236)
[2018.01.27-02.23.13:005][ 14]LogModuleManager: Shutting down and abandoning module WindowsMoviePlayer (234)
[2018.01.27-02.23.13:005][ 14]LogModuleManager: Shutting down and abandoning module WmfMedia (232)
[2018.01.27-02.23.13:007][ 14]LogModuleManager: Shutting down and abandoning module ImgMedia (230)
[2018.01.27-02.23.13:007][ 14]LogModuleManager: Shutting down and abandoning module PacketHandler (228)
[2018.01.27-02.23.13:007][ 14]LogModuleManager: Shutting down and abandoning module ClothingSystemEditor (226)
[2018.01.27-02.23.13:007][ 14]LogModuleManager: Shutting down and abandoning module ClothingSystemRuntime (224)
[2018.01.27-02.23.13:007][ 14]LogModuleManager: Shutting down and abandoning module MediaAssets (222)
[2018.01.27-02.23.13:007][ 14]LogModuleManager: Shutting down and abandoning module Media (221)
[2018.01.27-02.23.13:013][ 14]LogModuleManager: Shutting down and abandoning module Overlay (218)
[2018.01.27-02.23.13:013][ 14]LogModuleManager: Shutting down and abandoning module OverlayEditor (217)
[2018.01.27-02.23.13:013][ 14]LogModuleManager: Shutting down and abandoning module VREditor (214)
[2018.01.27-02.23.13:013][ 14]LogModuleManager: Shutting down and abandoning module StringTableEditor (212)
[2018.01.27-02.23.13:013][ 14]LogModuleManager: Shutting down and abandoning module GameplayTasksEditor (210)
[2018.01.27-02.23.13:013][ 14]LogModuleManager: Shutting down and abandoning module BehaviorTreeEditor (208)
[2018.01.27-02.23.13:013][ 14]LogModuleManager: Shutting down and abandoning module FunctionalTesting (206)
[2018.01.27-02.23.13:013][ 14]LogModuleManager: Shutting down and abandoning module CollisionAnalyzer (204)
[2018.01.27-02.23.13:013][ 14]LogModuleManager: Shutting down and abandoning module WorkspaceMenuStructure (203)
[2018.01.27-02.23.13:013][ 14]LogModuleManager: Shutting down and abandoning module UMG (200)
[2018.01.27-02.23.13:013][ 14]LogModuleManager: Shutting down and abandoning module UMGEditor (199)
[2018.01.27-02.23.13:013][ 14]LogModuleManager: Shutting down and abandoning module Sequencer (198)
[2018.01.27-02.23.13:013][ 14]LogModuleManager: Shutting down and abandoning module MessageLog (195)
[2018.01.27-02.23.13:014][ 14]LogModuleManager: Shutting down and abandoning module SlateReflector (190)
[2018.01.27-02.23.13:014][ 14]LogModuleManager: Shutting down and abandoning module Slate (188)
[2018.01.27-02.23.13:014][ 14]LogModuleManager: Shutting down and abandoning module EditorStyle (186)
[2018.01.27-02.23.13:019][ 14]LogModuleManager: Shutting down and abandoning module MRMesh (184)
[2018.01.27-02.23.13:019][ 14]LogModuleManager: Shutting down and abandoning module SourceCodeAccess (182)
[2018.01.27-02.23.13:019][ 14]LogModuleManager: Shutting down and abandoning module HeadMountedDisplay (180)
[2018.01.27-02.23.13:019][ 14]LogModuleManager: Shutting down and abandoning module XAudio2 (178)
[2018.01.27-02.23.13:019][ 14]LogModuleManager: Shutting down and abandoning module Networking (176)
[2018.01.27-02.23.13:019][ 14]LogModuleManager: Shutting down and abandoning module Core (172)
[2018.01.27-02.23.13:019][ 14]LogModuleManager: Shutting down and abandoning module LevelSequence (168)
[2018.01.27-02.23.13:019][ 14]LogModuleManager: Shutting down and abandoning module DirectoryWatcher (166)
[2018.01.27-02.23.13:020][ 14]LogModuleManager: Shutting down and abandoning module KismetCompiler (164)
[2018.01.27-02.23.13:020][ 14]LogModuleManager: Shutting down and abandoning module MeshUtilities (162)
[2018.01.27-02.23.13:020][ 14]LogModuleManager: Shutting down and abandoning module MeshMergeUtilities (161)
[2018.01.27-02.23.13:020][ 14]LogModuleManager: Shutting down and abandoning module MeshReductionInterface (160)
[2018.01.27-02.23.13:020][ 14]LogModuleManager: Shutting down and abandoning module SimplygonSwarm (159)
[2018.01.27-02.23.13:020][ 14]LogModuleManager: Shutting down and abandoning module SimplygonMeshReduction (157)
[2018.01.27-02.23.13:020][ 14]LogModuleManager: Shutting down and abandoning module QuadricMeshReduction (155)
[2018.01.27-02.23.13:020][ 14]LogModuleManager: Shutting down and abandoning module MaterialBaking (151)
[2018.01.27-02.23.13:020][ 14]LogModuleManager: Shutting down and abandoning module DerivedDataCache (148)
[2018.01.27-02.23.13:065][ 14]LogDerivedDataCache: Shutdown
[2018.01.27-02.23.13:065][ 14]LogModuleManager: Shutting down and abandoning module TargetPlatform (146)
[2018.01.27-02.23.13:065][ 14]LogModuleManager: Shutting down and abandoning module VulkanShaderFormat (145)
[2018.01.27-02.23.13:065][ 14]LogModuleManager: Shutting down and abandoning module ShaderFormatVectorVM (143)
[2018.01.27-02.23.13:065][ 14]LogModuleManager: Shutting down and abandoning module ShaderFormatOpenGL (141)
[2018.01.27-02.23.13:065][ 14]LogModuleManager: Shutting down and abandoning module ShaderFormatD3D (139)
[2018.01.27-02.23.13:065][ 14]LogModuleManager: Shutting down and abandoning module MetalShaderFormat (137)
[2018.01.27-02.23.13:065][ 14]LogModuleManager: Shutting down and abandoning module TextureFormatUncompressed (135)
[2018.01.27-02.23.13:065][ 14]LogModuleManager: Shutting down and abandoning module TextureFormatPVR (133)
[2018.01.27-02.23.13:065][ 14]LogModuleManager: Shutting down and abandoning module TextureFormatDXT (131)
[2018.01.27-02.23.13:065][ 14]LogModuleManager: Shutting down and abandoning module TextureFormatIntelISPCTexComp (129)
[2018.01.27-02.23.13:065][ 14]LogModuleManager: Shutting down and abandoning module TextureFormatASTC (127)
[2018.01.27-02.23.13:065][ 14]LogModuleManager: Shutting down and abandoning module ImageWrapper (126)
[2018.01.27-02.23.13:065][ 14]LogModuleManager: Shutting down and abandoning module TextureFormatAndroid (123)
[2018.01.27-02.23.13:065][ 14]LogModuleManager: Shutting down and abandoning module AudioFormatOpus (121)
[2018.01.27-02.23.13:065][ 14]LogModuleManager: Shutting down and abandoning module AudioFormatOgg (119)
[2018.01.27-02.23.13:065][ 14]LogModuleManager: Shutting down and abandoning module AudioFormatADPCM (117)
[2018.01.27-02.23.13:065][ 14]LogModuleManager: Shutting down and abandoning module LinuxTargetPlatform (115)
[2018.01.27-02.23.13:065][ 14]LogModuleManager: Shutting down and abandoning module LinuxServerTargetPlatform (113)
[2018.01.27-02.23.13:065][ 14]LogModuleManager: Shutting down and abandoning module LinuxNoEditorTargetPlatform (111)
[2018.01.27-02.23.13:065][ 14]LogModuleManager: Shutting down and abandoning module LinuxClientTargetPlatform (109)
[2018.01.27-02.23.13:065][ 14]LogModuleManager: Shutting down and abandoning module TVOSTargetPlatform (107)
[2018.01.27-02.23.13:065][ 14]LogModuleManager: Shutting down and abandoning module Messaging (105)
[2018.01.27-02.23.13:065][ 14]LogModuleManager: Shutting down and abandoning module IOSTargetPlatform (103)
[2018.01.27-02.23.13:065][ 14]LogModuleManager: Shutting down and abandoning module HTML5TargetPlatform (101)
[2018.01.27-02.23.13:065][ 14]LogModuleManager: Shutting down and abandoning module AndroidTargetPlatform (99)
[2018.01.27-02.23.13:065][ 14]LogModuleManager: Shutting down and abandoning module Android_PVRTCTargetPlatform (97)
[2018.01.27-02.23.13:065][ 14]LogModuleManager: Shutting down and abandoning module Android_MultiTargetPlatform (95)
[2018.01.27-02.23.13:065][ 14]LogModuleManager: Shutting down and abandoning module Android_ETC2TargetPlatform (93)
[2018.01.27-02.23.13:065][ 14]LogModuleManager: Shutting down and abandoning module Android_ETC1TargetPlatform (91)
[2018.01.27-02.23.13:065][ 14]LogModuleManager: Shutting down and abandoning module Android_DXTTargetPlatform (89)
[2018.01.27-02.23.13:065][ 14]LogModuleManager: Shutting down and abandoning module Android_ATCTargetPlatform (87)
[2018.01.27-02.23.13:065][ 14]LogModuleManager: Shutting down and abandoning module Android_ASTCTargetPlatform (85)
[2018.01.27-02.23.13:066][ 14]LogModuleManager: Shutting down and abandoning module WindowsTargetPlatform (83)
[2018.01.27-02.23.13:066][ 14]LogModuleManager: Shutting down and abandoning module WindowsServerTargetPlatform (81)
[2018.01.27-02.23.13:066][ 14]LogModuleManager: Shutting down and abandoning module WindowsNoEditorTargetPlatform (79)
[2018.01.27-02.23.13:066][ 14]LogModuleManager: Shutting down and abandoning module WindowsClientTargetPlatform (77)
[2018.01.27-02.23.13:066][ 14]LogModuleManager: Shutting down and abandoning module MacTargetPlatform (75)
[2018.01.27-02.23.13:066][ 14]LogModuleManager: Shutting down and abandoning module MacServerTargetPlatform (73)
[2018.01.27-02.23.13:066][ 14]LogModuleManager: Shutting down and abandoning module MacNoEditorTargetPlatform (71)
[2018.01.27-02.23.13:066][ 14]LogModuleManager: Shutting down and abandoning module MacClientTargetPlatform (69)
[2018.01.27-02.23.13:066][ 14]LogModuleManager: Shutting down and abandoning module AllDesktopTargetPlatform (67)
[2018.01.27-02.23.13:066][ 14]LogModuleManager: Shutting down and abandoning module InputCore (64)
[2018.01.27-02.23.13:066][ 14]LogModuleManager: Shutting down and abandoning module Settings (62)
[2018.01.27-02.23.13:066][ 14]LogModuleManager: Shutting down and abandoning module PhysXCooking (60)
[2018.01.27-02.23.13:066][ 14]LogModuleManager: Shutting down and abandoning module SteamVR (58)
[2018.01.27-02.23.13:066][ 14]LogModuleManager: Shutting down and abandoning module OculusHMD (56)
[2018.01.27-02.23.13:066][ 14]LogModuleManager: Shutting down and abandoning module ExampleDeviceProfileSelector (54)
[2018.01.27-02.23.13:066][ 14]LogModuleManager: Shutting down and abandoning module AppleARKit (52)
[2018.01.27-02.23.13:066][ 14]LogModuleManager: Shutting down and abandoning module AugmentedReality (51)
[2018.01.27-02.23.13:066][ 14]LogModuleManager: Shutting down and abandoning module OnlineBlueprintSupport (48)
[2018.01.27-02.23.13:066][ 14]LogModuleManager: Shutting down and abandoning module OnlineSubsystem (44)
[2018.01.27-02.23.13:066][ 14]LogModuleManager: Shutting down and abandoning module XMPP (43)
[2018.01.27-02.23.13:066][ 14]LogModuleManager: Shutting down and abandoning module HTTP (41)
[2018.01.27-02.23.13:066][ 14]LogHttp: Display: Http module shutting down, but needs to wait on 1 outstanding Http requests:
[2018.01.27-02.23.13:066][ 14]LogHttp: Display: 	verb=[POST] url=[https://datarouter.ol.epicgames.com/datarouter/api/v1/public/data?SessionID=%7B9FDD927A-4B36-3952-527F-0590C12BB172%7D&AppID=UEEditor.Rocket.Release&AppVersion=4.18.3-3832480%2B%2B%2BUE4%2BRelease-4.18&UserID=6c27f3e949873bfe44d1f1b1e155866f%7Cfffd7a0fcf3b491eab3fecda81fc9920%7Ccc4e0f98-b4a0-4429-9378-2cb23c282125&AppEnvironment=datacollector-binary&UploadType=eteventstream] status=Processing
[2018.01.27-02.23.13:084][ 14]LogModuleManager: Shutting down and abandoning module SSL (40)
[2018.01.27-02.23.13:085][ 14]LogModuleManager: Shutting down and abandoning module AnimationModifiers (36)
[2018.01.27-02.23.13:085][ 14]LogModuleManager: Shutting down and abandoning module PropertyEditor (35)
[2018.01.27-02.23.13:085][ 14]LogModuleManager: Shutting down and abandoning module AudioEditor (32)
[2018.01.27-02.23.13:085][ 14]LogModuleManager: Shutting down and abandoning module TextureCompressor (30)
[2018.01.27-02.23.13:085][ 14]LogModuleManager: Shutting down and abandoning module ShaderCore (28)
[2018.01.27-02.23.13:085][ 14]LogModuleManager: Shutting down and abandoning module Landscape (26)
[2018.01.27-02.23.13:085][ 14]LogModuleManager: Shutting down and abandoning module SlateRHIRenderer (24)
[2018.01.27-02.23.13:086][ 14]LogModuleManager: Shutting down and abandoning module OpenGLDrv (22)
[2018.01.27-02.23.13:086][ 14]LogModuleManager: Shutting down and abandoning module D3D11RHI (20)
[2018.01.27-02.23.13:086][ 14]LogModuleManager: Shutting down and abandoning module AnimGraphRuntime (18)
[2018.01.27-02.23.13:086][ 14]LogModuleManager: Shutting down and abandoning module Renderer (16)
[2018.01.27-02.23.13:086][ 14]LogModuleManager: Shutting down and abandoning module Engine (14)
[2018.01.27-02.23.13:086][ 14]LogModuleManager: Shutting down and abandoning module CoreUObject (12)
[2018.01.27-02.23.13:087][ 14]LogModuleManager: Shutting down and abandoning module NetworkFile (10)
[2018.01.27-02.23.13:087][ 14]LogModuleManager: Shutting down and abandoning module CookedIterativeFile (8)
[2018.01.27-02.23.13:087][ 14]LogModuleManager: Shutting down and abandoning module StreamingFile (6)
[2018.01.27-02.23.13:087][ 14]LogModuleManager: Shutting down and abandoning module SandboxFile (4)
[2018.01.27-02.23.13:087][ 14]LogModuleManager: Shutting down and abandoning module PakFile (2)
[2018.01.27-02.23.13:093][ 14]LogExit: Exiting.
[2018.01.27-02.23.13:107][ 14]Log file closed, 01/26/18 20:23:13
